ERROR - 2021-12-16 00:35:24 --> Unknown column 'id_ruangan' in 'order clause'
CRITICAL - 2021-12-16 00:35:24 --> Call to a member function getResultArray() on bool
#0 C:\xampp\htdocs\siakad\app\Controllers\Jurusan.php(19): App\Models\Mdl_jurusan->allData()
#1 C:\xampp\htdocs\siakad\vendor\codeigniter4\framework\system\CodeIgniter.php(824): App\Controllers\Jurusan->index()
#2 C:\xampp\htdocs\siakad\vendor\codeigniter4\framework\system\CodeIgniter.php(410): CodeIgniter\CodeIgniter->runController(Object(App\Controllers\Jurusan))
#3 C:\xampp\htdocs\siakad\vendor\codeigniter4\framework\system\CodeIgniter.php(318): CodeIgniter\CodeIgniter->handleRequest(NULL, Object(Config\Cache), false)
#4 C:\xampp\htdocs\siakad\public\index.php(37): CodeIgniter\CodeIgniter->run()
#5 C:\xampp\htdocs\siakad\vendor\codeigniter4\framework\system\Commands\Server\rewrite.php(43): require_once('C:\\xampp\\htdocs...')
#6 {main}
ERROR - 2021-12-16 00:35:29 --> Unknown column 'id_ruangan' in 'order clause'
CRITICAL - 2021-12-16 00:35:29 --> Call to a member function getResultArray() on bool
#0 C:\xampp\htdocs\siakad\app\Controllers\Jurusan.php(19): App\Models\Mdl_jurusan->allData()
#1 C:\xampp\htdocs\siakad\vendor\codeigniter4\framework\system\CodeIgniter.php(824): App\Controllers\Jurusan->index()
#2 C:\xampp\htdocs\siakad\vendor\codeigniter4\framework\system\CodeIgniter.php(410): CodeIgniter\CodeIgniter->runController(Object(App\Controllers\Jurusan))
#3 C:\xampp\htdocs\siakad\vendor\codeigniter4\framework\system\CodeIgniter.php(318): CodeIgniter\CodeIgniter->handleRequest(NULL, Object(Config\Cache), false)
#4 C:\xampp\htdocs\siakad\public\index.php(37): CodeIgniter\CodeIgniter->run()
#5 C:\xampp\htdocs\siakad\vendor\codeigniter4\framework\system\Commands\Server\rewrite.php(43): require_once('C:\\xampp\\htdocs...')
#6 {main}
ERROR - 2021-12-16 00:35:52 --> Unknown column 'id_ruangan' in 'order clause'
CRITICAL - 2021-12-16 00:35:52 --> Call to a member function getResultArray() on bool
#0 C:\xampp\htdocs\siakad\app\Controllers\Jurusan.php(19): App\Models\Mdl_jurusan->allData()
#1 C:\xampp\htdocs\siakad\vendor\codeigniter4\framework\system\CodeIgniter.php(824): App\Controllers\Jurusan->index()
#2 C:\xampp\htdocs\siakad\vendor\codeigniter4\framework\system\CodeIgniter.php(410): CodeIgniter\CodeIgniter->runController(Object(App\Controllers\Jurusan))
#3 C:\xampp\htdocs\siakad\vendor\codeigniter4\framework\system\CodeIgniter.php(318): CodeIgniter\CodeIgniter->handleRequest(NULL, Object(Config\Cache), false)
#4 C:\xampp\htdocs\siakad\public\index.php(37): CodeIgniter\CodeIgniter->run()
#5 C:\xampp\htdocs\siakad\vendor\codeigniter4\framework\system\Commands\Server\rewrite.php(43): require_once('C:\\xampp\\htdocs...')
#6 {main}
ERROR - 2021-12-16 00:37:43 --> Unknown column 'id_ruangan' in 'order clause'
CRITICAL - 2021-12-16 00:37:43 --> Call to a member function getResultArray() on bool
#0 C:\xampp\htdocs\siakad\app\Controllers\Jurusan.php(19): App\Models\Mdl_jurusan->allData()
#1 C:\xampp\htdocs\siakad\vendor\codeigniter4\framework\system\CodeIgniter.php(824): App\Controllers\Jurusan->index()
#2 C:\xampp\htdocs\siakad\vendor\codeigniter4\framework\system\CodeIgniter.php(410): CodeIgniter\CodeIgniter->runController(Object(App\Controllers\Jurusan))
#3 C:\xampp\htdocs\siakad\vendor\codeigniter4\framework\system\CodeIgniter.php(318): CodeIgniter\CodeIgniter->handleRequest(NULL, Object(Config\Cache), false)
#4 C:\xampp\htdocs\siakad\public\index.php(37): CodeIgniter\CodeIgniter->run()
#5 C:\xampp\htdocs\siakad\vendor\codeigniter4\framework\system\Commands\Server\rewrite.php(43): require_once('C:\\xampp\\htdocs...')
#6 {main}
ERROR - 2021-12-16 00:38:07 --> Unknown column 'id_ruangan' in 'order clause'
CRITICAL - 2021-12-16 00:38:07 --> Call to a member function getResultArray() on bool
#0 C:\xampp\htdocs\siakad\app\Controllers\Jurusan.php(19): App\Models\Mdl_jurusan->allData()
#1 C:\xampp\htdocs\siakad\vendor\codeigniter4\framework\system\CodeIgniter.php(824): App\Controllers\Jurusan->index()
#2 C:\xampp\htdocs\siakad\vendor\codeigniter4\framework\system\CodeIgniter.php(410): CodeIgniter\CodeIgniter->runController(Object(App\Controllers\Jurusan))
#3 C:\xampp\htdocs\siakad\vendor\codeigniter4\framework\system\CodeIgniter.php(318): CodeIgniter\CodeIgniter->handleRequest(NULL, Object(Config\Cache), false)
#4 C:\xampp\htdocs\siakad\public\index.php(37): CodeIgniter\CodeIgniter->run()
#5 C:\xampp\htdocs\siakad\vendor\codeigniter4\framework\system\Commands\Server\rewrite.php(43): require_once('C:\\xampp\\htdocs...')
#6 {main}
ERROR - 2021-12-16 00:38:11 --> Unknown column 'id_ruangan' in 'order clause'
CRITICAL - 2021-12-16 00:38:11 --> Call to a member function getResultArray() on bool
#0 C:\xampp\htdocs\siakad\app\Controllers\Jurusan.php(19): App\Models\Mdl_jurusan->allData()
#1 C:\xampp\htdocs\siakad\vendor\codeigniter4\framework\system\CodeIgniter.php(824): App\Controllers\Jurusan->index()
#2 C:\xampp\htdocs\siakad\vendor\codeigniter4\framework\system\CodeIgniter.php(410): CodeIgniter\CodeIgniter->runController(Object(App\Controllers\Jurusan))
#3 C:\xampp\htdocs\siakad\vendor\codeigniter4\framework\system\CodeIgniter.php(318): CodeIgniter\CodeIgniter->handleRequest(NULL, Object(Config\Cache), false)
#4 C:\xampp\htdocs\siakad\public\index.php(37): CodeIgniter\CodeIgniter->run()
#5 C:\xampp\htdocs\siakad\vendor\codeigniter4\framework\system\Commands\Server\rewrite.php(43): require_once('C:\\xampp\\htdocs...')
#6 {main}
ERROR - 2021-12-16 00:38:12 --> Unknown column 'id_ruangan' in 'order clause'
CRITICAL - 2021-12-16 00:38:12 --> Call to a member function getResultArray() on bool
#0 C:\xampp\htdocs\siakad\app\Controllers\Jurusan.php(19): App\Models\Mdl_jurusan->allData()
#1 C:\xampp\htdocs\siakad\vendor\codeigniter4\framework\system\CodeIgniter.php(824): App\Controllers\Jurusan->index()
#2 C:\xampp\htdocs\siakad\vendor\codeigniter4\framework\system\CodeIgniter.php(410): CodeIgniter\CodeIgniter->runController(Object(App\Controllers\Jurusan))
#3 C:\xampp\htdocs\siakad\vendor\codeigniter4\framework\system\CodeIgniter.php(318): CodeIgniter\CodeIgniter->handleRequest(NULL, Object(Config\Cache), false)
#4 C:\xampp\htdocs\siakad\public\index.php(37): CodeIgniter\CodeIgniter->run()
#5 C:\xampp\htdocs\siakad\vendor\codeigniter4\framework\system\Commands\Server\rewrite.php(43): require_once('C:\\xampp\\htdocs...')
#6 {main}
ERROR - 2021-12-16 00:39:35 --> Unknown column 'id_ruangan' in 'order clause'
CRITICAL - 2021-12-16 00:39:35 --> Call to a member function getResultArray() on bool
#0 C:\xampp\htdocs\siakad\app\Controllers\Jurusan.php(19): App\Models\Mdl_jurusan->allData()
#1 C:\xampp\htdocs\siakad\vendor\codeigniter4\framework\system\CodeIgniter.php(824): App\Controllers\Jurusan->index()
#2 C:\xampp\htdocs\siakad\vendor\codeigniter4\framework\system\CodeIgniter.php(410): CodeIgniter\CodeIgniter->runController(Object(App\Controllers\Jurusan))
#3 C:\xampp\htdocs\siakad\vendor\codeigniter4\framework\system\CodeIgniter.php(318): CodeIgniter\CodeIgniter->handleRequest(NULL, Object(Config\Cache), false)
#4 C:\xampp\htdocs\siakad\public\index.php(37): CodeIgniter\CodeIgniter->run()
#5 C:\xampp\htdocs\siakad\vendor\codeigniter4\framework\system\Commands\Server\rewrite.php(43): require_once('C:\\xampp\\htdocs...')
#6 {main}
ERROR - 2021-12-16 00:39:36 --> Unknown column 'id_ruangan' in 'order clause'
CRITICAL - 2021-12-16 00:39:36 --> Call to a member function getResultArray() on bool
#0 C:\xampp\htdocs\siakad\app\Controllers\Jurusan.php(19): App\Models\Mdl_jurusan->allData()
#1 C:\xampp\htdocs\siakad\vendor\codeigniter4\framework\system\CodeIgniter.php(824): App\Controllers\Jurusan->index()
#2 C:\xampp\htdocs\siakad\vendor\codeigniter4\framework\system\CodeIgniter.php(410): CodeIgniter\CodeIgniter->runController(Object(App\Controllers\Jurusan))
#3 C:\xampp\htdocs\siakad\vendor\codeigniter4\framework\system\CodeIgniter.php(318): CodeIgniter\CodeIgniter->handleRequest(NULL, Object(Config\Cache), false)
#4 C:\xampp\htdocs\siakad\public\index.php(37): CodeIgniter\CodeIgniter->run()
#5 C:\xampp\htdocs\siakad\vendor\codeigniter4\framework\system\Commands\Server\rewrite.php(43): require_once('C:\\xampp\\htdocs...')
#6 {main}
ERROR - 2021-12-16 00:39:36 --> Unknown column 'id_ruangan' in 'order clause'
CRITICAL - 2021-12-16 00:39:36 --> Call to a member function getResultArray() on bool
#0 C:\xampp\htdocs\siakad\app\Controllers\Jurusan.php(19): App\Models\Mdl_jurusan->allData()
#1 C:\xampp\htdocs\siakad\vendor\codeigniter4\framework\system\CodeIgniter.php(824): App\Controllers\Jurusan->index()
#2 C:\xampp\htdocs\siakad\vendor\codeigniter4\framework\system\CodeIgniter.php(410): CodeIgniter\CodeIgniter->runController(Object(App\Controllers\Jurusan))
#3 C:\xampp\htdocs\siakad\vendor\codeigniter4\framework\system\CodeIgniter.php(318): CodeIgniter\CodeIgniter->handleRequest(NULL, Object(Config\Cache), false)
#4 C:\xampp\htdocs\siakad\public\index.php(37): CodeIgniter\CodeIgniter->run()
#5 C:\xampp\htdocs\siakad\vendor\codeigniter4\framework\system\Commands\Server\rewrite.php(43): require_once('C:\\xampp\\htdocs...')
#6 {main}
ERROR - 2021-12-16 00:39:41 --> Unknown column 'id_ruangan' in 'order clause'
CRITICAL - 2021-12-16 00:39:41 --> Call to a member function getResultArray() on bool
#0 C:\xampp\htdocs\siakad\app\Controllers\Jurusan.php(19): App\Models\Mdl_jurusan->allData()
#1 C:\xampp\htdocs\siakad\vendor\codeigniter4\framework\system\CodeIgniter.php(824): App\Controllers\Jurusan->index()
#2 C:\xampp\htdocs\siakad\vendor\codeigniter4\framework\system\CodeIgniter.php(410): CodeIgniter\CodeIgniter->runController(Object(App\Controllers\Jurusan))
#3 C:\xampp\htdocs\siakad\vendor\codeigniter4\framework\system\CodeIgniter.php(318): CodeIgniter\CodeIgniter->handleRequest(NULL, Object(Config\Cache), false)
#4 C:\xampp\htdocs\siakad\public\index.php(37): CodeIgniter\CodeIgniter->run()
#5 C:\xampp\htdocs\siakad\vendor\codeigniter4\framework\system\Commands\Server\rewrite.php(43): require_once('C:\\xampp\\htdocs...')
#6 {main}
ERROR - 2021-12-16 00:41:03 --> Unknown column 'id_ruangan' in 'order clause'
CRITICAL - 2021-12-16 00:41:03 --> Call to a member function getResultArray() on bool
#0 C:\xampp\htdocs\siakad\app\Controllers\Jurusan.php(19): App\Models\Mdl_jurusan->allData()
#1 C:\xampp\htdocs\siakad\vendor\codeigniter4\framework\system\CodeIgniter.php(824): App\Controllers\Jurusan->index()
#2 C:\xampp\htdocs\siakad\vendor\codeigniter4\framework\system\CodeIgniter.php(410): CodeIgniter\CodeIgniter->runController(Object(App\Controllers\Jurusan))
#3 C:\xampp\htdocs\siakad\vendor\codeigniter4\framework\system\CodeIgniter.php(318): CodeIgniter\CodeIgniter->handleRequest(NULL, Object(Config\Cache), false)
#4 C:\xampp\htdocs\siakad\public\index.php(37): CodeIgniter\CodeIgniter->run()
#5 C:\xampp\htdocs\siakad\vendor\codeigniter4\framework\system\Commands\Server\rewrite.php(43): require_once('C:\\xampp\\htdocs...')
#6 {main}
ERROR - 2021-12-16 00:41:14 --> Unknown column 'id_ruangan' in 'order clause'
CRITICAL - 2021-12-16 00:41:14 --> Call to a member function getResultArray() on bool
#0 C:\xampp\htdocs\siakad\app\Controllers\Jurusan.php(19): App\Models\Mdl_jurusan->allData()
#1 C:\xampp\htdocs\siakad\vendor\codeigniter4\framework\system\CodeIgniter.php(824): App\Controllers\Jurusan->index()
#2 C:\xampp\htdocs\siakad\vendor\codeigniter4\framework\system\CodeIgniter.php(410): CodeIgniter\CodeIgniter->runController(Object(App\Controllers\Jurusan))
#3 C:\xampp\htdocs\siakad\vendor\codeigniter4\framework\system\CodeIgniter.php(318): CodeIgniter\CodeIgniter->handleRequest(NULL, Object(Config\Cache), false)
#4 C:\xampp\htdocs\siakad\public\index.php(37): CodeIgniter\CodeIgniter->run()
#5 C:\xampp\htdocs\siakad\vendor\codeigniter4\framework\system\Commands\Server\rewrite.php(43): require_once('C:\\xampp\\htdocs...')
#6 {main}
ERROR - 2021-12-16 00:41:37 --> Unknown column 'id_ruangan' in 'order clause'
CRITICAL - 2021-12-16 00:41:37 --> Call to a member function getResultArray() on bool
#0 C:\xampp\htdocs\siakad\app\Controllers\Jurusan.php(19): App\Models\Mdl_jurusan->allData()
#1 C:\xampp\htdocs\siakad\vendor\codeigniter4\framework\system\CodeIgniter.php(824): App\Controllers\Jurusan->index()
#2 C:\xampp\htdocs\siakad\vendor\codeigniter4\framework\system\CodeIgniter.php(410): CodeIgniter\CodeIgniter->runController(Object(App\Controllers\Jurusan))
#3 C:\xampp\htdocs\siakad\vendor\codeigniter4\framework\system\CodeIgniter.php(318): CodeIgniter\CodeIgniter->handleRequest(NULL, Object(Config\Cache), false)
#4 C:\xampp\htdocs\siakad\public\index.php(37): CodeIgniter\CodeIgniter->run()
#5 C:\xampp\htdocs\siakad\vendor\codeigniter4\framework\system\Commands\Server\rewrite.php(43): require_once('C:\\xampp\\htdocs...')
#6 {main}
ERROR - 2021-12-16 00:41:44 --> Unknown column 'id_ruangan' in 'order clause'
CRITICAL - 2021-12-16 00:41:44 --> Call to a member function getResultArray() on bool
#0 C:\xampp\htdocs\siakad\app\Controllers\Jurusan.php(19): App\Models\Mdl_jurusan->allData()
#1 C:\xampp\htdocs\siakad\vendor\codeigniter4\framework\system\CodeIgniter.php(824): App\Controllers\Jurusan->index()
#2 C:\xampp\htdocs\siakad\vendor\codeigniter4\framework\system\CodeIgniter.php(410): CodeIgniter\CodeIgniter->runController(Object(App\Controllers\Jurusan))
#3 C:\xampp\htdocs\siakad\vendor\codeigniter4\framework\system\CodeIgniter.php(318): CodeIgniter\CodeIgniter->handleRequest(NULL, Object(Config\Cache), false)
#4 C:\xampp\htdocs\siakad\public\index.php(37): CodeIgniter\CodeIgniter->run()
#5 C:\xampp\htdocs\siakad\vendor\codeigniter4\framework\system\Commands\Server\rewrite.php(43): require_once('C:\\xampp\\htdocs...')
#6 {main}
CRITICAL - 2021-12-16 01:12:44 --> Invalid argument supplied for foreach()
#0 C:\xampp\htdocs\siakad\app\Views\admin\jurusan\v_index.php(40): CodeIgniter\Debug\Exceptions->errorHandler(2, 'Invalid argumen...', 'C:\\xampp\\htdocs...', 40, Array)
#1 C:\xampp\htdocs\siakad\vendor\codeigniter4\framework\system\View\View.php(214): include('C:\\xampp\\htdocs...')
#2 C:\xampp\htdocs\siakad\vendor\codeigniter4\framework\system\View\View.php(217): CodeIgniter\View\View->CodeIgniter\View\{closure}()
#3 C:\xampp\htdocs\siakad\vendor\codeigniter4\framework\system\Common.php(1097): CodeIgniter\View\View->render('admin/jurusan/v...', Array, true)
#4 C:\xampp\htdocs\siakad\app\Views\layout\v_content.php(4): view('admin/jurusan/v...')
#5 C:\xampp\htdocs\siakad\vendor\codeigniter4\framework\system\View\View.php(214): include('C:\\xampp\\htdocs...')
#6 C:\xampp\htdocs\siakad\vendor\codeigniter4\framework\system\View\View.php(217): CodeIgniter\View\View->CodeIgniter\View\{closure}()
#7 C:\xampp\htdocs\siakad\vendor\codeigniter4\framework\system\Common.php(1097): CodeIgniter\View\View->render('layout/v_conten...', Array, true)
#8 C:\xampp\htdocs\siakad\app\Views\layout\v_wrapper.php(6): view('layout/v_conten...')
#9 C:\xampp\htdocs\siakad\vendor\codeigniter4\framework\system\View\View.php(214): include('C:\\xampp\\htdocs...')
#10 C:\xampp\htdocs\siakad\vendor\codeigniter4\framework\system\View\View.php(217): CodeIgniter\View\View->CodeIgniter\View\{closure}()
#11 C:\xampp\htdocs\siakad\vendor\codeigniter4\framework\system\Common.php(1097): CodeIgniter\View\View->render('layout/v_wrappe...', Array, true)
#12 C:\xampp\htdocs\siakad\app\Controllers\Jurusan.php(20): view('layout/v_wrappe...', Array)
#13 C:\xampp\htdocs\siakad\vendor\codeigniter4\framework\system\CodeIgniter.php(824): App\Controllers\Jurusan->index()
#14 C:\xampp\htdocs\siakad\vendor\codeigniter4\framework\system\CodeIgniter.php(410): CodeIgniter\CodeIgniter->runController(Object(App\Controllers\Jurusan))
#15 C:\xampp\htdocs\siakad\vendor\codeigniter4\framework\system\CodeIgniter.php(318): CodeIgniter\CodeIgniter->handleRequest(NULL, Object(Config\Cache), false)
#16 C:\xampp\htdocs\siakad\public\index.php(37): CodeIgniter\CodeIgniter->run()
#17 C:\xampp\htdocs\siakad\vendor\codeigniter4\framework\system\Commands\Server\rewrite.php(43): require_once('C:\\xampp\\htdocs...')
#18 {main}
CRITICAL - 2021-12-16 01:13:00 --> Invalid argument supplied for foreach()
#0 C:\xampp\htdocs\siakad\app\Views\admin\jurusan\v_index.php(40): CodeIgniter\Debug\Exceptions->errorHandler(2, 'Invalid argumen...', 'C:\\xampp\\htdocs...', 40, Array)
#1 C:\xampp\htdocs\siakad\vendor\codeigniter4\framework\system\View\View.php(214): include('C:\\xampp\\htdocs...')
#2 C:\xampp\htdocs\siakad\vendor\codeigniter4\framework\system\View\View.php(217): CodeIgniter\View\View->CodeIgniter\View\{closure}()
#3 C:\xampp\htdocs\siakad\vendor\codeigniter4\framework\system\Common.php(1097): CodeIgniter\View\View->render('admin/jurusan/v...', Array, true)
#4 C:\xampp\htdocs\siakad\app\Views\layout\v_content.php(4): view('admin/jurusan/v...')
#5 C:\xampp\htdocs\siakad\vendor\codeigniter4\framework\system\View\View.php(214): include('C:\\xampp\\htdocs...')
#6 C:\xampp\htdocs\siakad\vendor\codeigniter4\framework\system\View\View.php(217): CodeIgniter\View\View->CodeIgniter\View\{closure}()
#7 C:\xampp\htdocs\siakad\vendor\codeigniter4\framework\system\Common.php(1097): CodeIgniter\View\View->render('layout/v_conten...', Array, true)
#8 C:\xampp\htdocs\siakad\app\Views\layout\v_wrapper.php(6): view('layout/v_conten...')
#9 C:\xampp\htdocs\siakad\vendor\codeigniter4\framework\system\View\View.php(214): include('C:\\xampp\\htdocs...')
#10 C:\xampp\htdocs\siakad\vendor\codeigniter4\framework\system\View\View.php(217): CodeIgniter\View\View->CodeIgniter\View\{closure}()
#11 C:\xampp\htdocs\siakad\vendor\codeigniter4\framework\system\Common.php(1097): CodeIgniter\View\View->render('layout/v_wrappe...', Array, true)
#12 C:\xampp\htdocs\siakad\app\Controllers\Jurusan.php(20): view('layout/v_wrappe...', Array)
#13 C:\xampp\htdocs\siakad\vendor\codeigniter4\framework\system\CodeIgniter.php(824): App\Controllers\Jurusan->index()
#14 C:\xampp\htdocs\siakad\vendor\codeigniter4\framework\system\CodeIgniter.php(410): CodeIgniter\CodeIgniter->runController(Object(App\Controllers\Jurusan))
#15 C:\xampp\htdocs\siakad\vendor\codeigniter4\framework\system\CodeIgniter.php(318): CodeIgniter\CodeIgniter->handleRequest(NULL, Object(Config\Cache), false)
#16 C:\xampp\htdocs\siakad\public\index.php(37): CodeIgniter\CodeIgniter->run()
#17 C:\xampp\htdocs\siakad\vendor\codeigniter4\framework\system\Commands\Server\rewrite.php(43): require_once('C:\\xampp\\htdocs...')
#18 {main}
CRITICAL - 2021-12-16 01:13:28 --> Invalid argument supplied for foreach()
#0 C:\xampp\htdocs\siakad\app\Views\admin\jurusan\v_index.php(40): CodeIgniter\Debug\Exceptions->errorHandler(2, 'Invalid argumen...', 'C:\\xampp\\htdocs...', 40, Array)
#1 C:\xampp\htdocs\siakad\vendor\codeigniter4\framework\system\View\View.php(214): include('C:\\xampp\\htdocs...')
#2 C:\xampp\htdocs\siakad\vendor\codeigniter4\framework\system\View\View.php(217): CodeIgniter\View\View->CodeIgniter\View\{closure}()
#3 C:\xampp\htdocs\siakad\vendor\codeigniter4\framework\system\Common.php(1097): CodeIgniter\View\View->render('admin/jurusan/v...', Array, true)
#4 C:\xampp\htdocs\siakad\app\Views\layout\v_content.php(4): view('admin/jurusan/v...')
#5 C:\xampp\htdocs\siakad\vendor\codeigniter4\framework\system\View\View.php(214): include('C:\\xampp\\htdocs...')
#6 C:\xampp\htdocs\siakad\vendor\codeigniter4\framework\system\View\View.php(217): CodeIgniter\View\View->CodeIgniter\View\{closure}()
#7 C:\xampp\htdocs\siakad\vendor\codeigniter4\framework\system\Common.php(1097): CodeIgniter\View\View->render('layout/v_conten...', Array, true)
#8 C:\xampp\htdocs\siakad\app\Views\layout\v_wrapper.php(6): view('layout/v_conten...')
#9 C:\xampp\htdocs\siakad\vendor\codeigniter4\framework\system\View\View.php(214): include('C:\\xampp\\htdocs...')
#10 C:\xampp\htdocs\siakad\vendor\codeigniter4\framework\system\View\View.php(217): CodeIgniter\View\View->CodeIgniter\View\{closure}()
#11 C:\xampp\htdocs\siakad\vendor\codeigniter4\framework\system\Common.php(1097): CodeIgniter\View\View->render('layout/v_wrappe...', Array, true)
#12 C:\xampp\htdocs\siakad\app\Controllers\Jurusan.php(20): view('layout/v_wrappe...', Array)
#13 C:\xampp\htdocs\siakad\vendor\codeigniter4\framework\system\CodeIgniter.php(824): App\Controllers\Jurusan->index()
#14 C:\xampp\htdocs\siakad\vendor\codeigniter4\framework\system\CodeIgniter.php(410): CodeIgniter\CodeIgniter->runController(Object(App\Controllers\Jurusan))
#15 C:\xampp\htdocs\siakad\vendor\codeigniter4\framework\system\CodeIgniter.php(318): CodeIgniter\CodeIgniter->handleRequest(NULL, Object(Config\Cache), false)
#16 C:\xampp\htdocs\siakad\public\index.php(37): CodeIgniter\CodeIgniter->run()
#17 C:\xampp\htdocs\siakad\vendor\codeigniter4\framework\system\Commands\Server\rewrite.php(43): require_once('C:\\xampp\\htdocs...')
#18 {main}
CRITICAL - 2021-12-16 01:15:14 --> Invalid argument supplied for foreach()
#0 C:\xampp\htdocs\siakad\app\Views\admin\jurusan\v_index.php(39): CodeIgniter\Debug\Exceptions->errorHandler(2, 'Invalid argumen...', 'C:\\xampp\\htdocs...', 39, Array)
#1 C:\xampp\htdocs\siakad\vendor\codeigniter4\framework\system\View\View.php(214): include('C:\\xampp\\htdocs...')
#2 C:\xampp\htdocs\siakad\vendor\codeigniter4\framework\system\View\View.php(217): CodeIgniter\View\View->CodeIgniter\View\{closure}()
#3 C:\xampp\htdocs\siakad\vendor\codeigniter4\framework\system\Common.php(1097): CodeIgniter\View\View->render('admin/jurusan/v...', Array, true)
#4 C:\xampp\htdocs\siakad\app\Views\layout\v_content.php(4): view('admin/jurusan/v...')
#5 C:\xampp\htdocs\siakad\vendor\codeigniter4\framework\system\View\View.php(214): include('C:\\xampp\\htdocs...')
#6 C:\xampp\htdocs\siakad\vendor\codeigniter4\framework\system\View\View.php(217): CodeIgniter\View\View->CodeIgniter\View\{closure}()
#7 C:\xampp\htdocs\siakad\vendor\codeigniter4\framework\system\Common.php(1097): CodeIgniter\View\View->render('layout/v_conten...', Array, true)
#8 C:\xampp\htdocs\siakad\app\Views\layout\v_wrapper.php(6): view('layout/v_conten...')
#9 C:\xampp\htdocs\siakad\vendor\codeigniter4\framework\system\View\View.php(214): include('C:\\xampp\\htdocs...')
#10 C:\xampp\htdocs\siakad\vendor\codeigniter4\framework\system\View\View.php(217): CodeIgniter\View\View->CodeIgniter\View\{closure}()
#11 C:\xampp\htdocs\siakad\vendor\codeigniter4\framework\system\Common.php(1097): CodeIgniter\View\View->render('layout/v_wrappe...', Array, true)
#12 C:\xampp\htdocs\siakad\app\Controllers\Jurusan.php(20): view('layout/v_wrappe...', Array)
#13 C:\xampp\htdocs\siakad\vendor\codeigniter4\framework\system\CodeIgniter.php(824): App\Controllers\Jurusan->index()
#14 C:\xampp\htdocs\siakad\vendor\codeigniter4\framework\system\CodeIgniter.php(410): CodeIgniter\CodeIgniter->runController(Object(App\Controllers\Jurusan))
#15 C:\xampp\htdocs\siakad\vendor\codeigniter4\framework\system\CodeIgniter.php(318): CodeIgniter\CodeIgniter->handleRequest(NULL, Object(Config\Cache), false)
#16 C:\xampp\htdocs\siakad\public\index.php(37): CodeIgniter\CodeIgniter->run()
#17 C:\xampp\htdocs\siakad\vendor\codeigniter4\framework\system\Commands\Server\rewrite.php(43): require_once('C:\\xampp\\htdocs...')
#18 {main}
ERROR - 2021-12-16 01:24:36 --> Column 'id_kelas' in on clause is ambiguous
CRITICAL - 2021-12-16 01:24:36 --> Call to a member function getResultArray() on bool
#0 C:\xampp\htdocs\siakad\app\Controllers\Jurusan.php(17): App\Models\Mdl_jurusan->allData()
#1 C:\xampp\htdocs\siakad\vendor\codeigniter4\framework\system\CodeIgniter.php(824): App\Controllers\Jurusan->index()
#2 C:\xampp\htdocs\siakad\vendor\codeigniter4\framework\system\CodeIgniter.php(410): CodeIgniter\CodeIgniter->runController(Object(App\Controllers\Jurusan))
#3 C:\xampp\htdocs\siakad\vendor\codeigniter4\framework\system\CodeIgniter.php(318): CodeIgniter\CodeIgniter->handleRequest(NULL, Object(Config\Cache), false)
#4 C:\xampp\htdocs\siakad\public\index.php(37): CodeIgniter\CodeIgniter->run()
#5 C:\xampp\htdocs\siakad\vendor\codeigniter4\framework\system\Commands\Server\rewrite.php(43): require_once('C:\\xampp\\htdocs...')
#6 {main}
ERROR - 2021-12-16 01:24:43 --> Column 'id_kelas' in on clause is ambiguous
CRITICAL - 2021-12-16 01:24:43 --> Call to a member function getResultArray() on bool
#0 C:\xampp\htdocs\siakad\app\Controllers\Jurusan.php(17): App\Models\Mdl_jurusan->allData()
#1 C:\xampp\htdocs\siakad\vendor\codeigniter4\framework\system\CodeIgniter.php(824): App\Controllers\Jurusan->index()
#2 C:\xampp\htdocs\siakad\vendor\codeigniter4\framework\system\CodeIgniter.php(410): CodeIgniter\CodeIgniter->runController(Object(App\Controllers\Jurusan))
#3 C:\xampp\htdocs\siakad\vendor\codeigniter4\framework\system\CodeIgniter.php(318): CodeIgniter\CodeIgniter->handleRequest(NULL, Object(Config\Cache), false)
#4 C:\xampp\htdocs\siakad\public\index.php(37): CodeIgniter\CodeIgniter->run()
#5 C:\xampp\htdocs\siakad\vendor\codeigniter4\framework\system\Commands\Server\rewrite.php(43): require_once('C:\\xampp\\htdocs...')
#6 {main}
ERROR - 2021-12-16 01:24:44 --> Column 'id_kelas' in on clause is ambiguous
CRITICAL - 2021-12-16 01:24:44 --> Call to a member function getResultArray() on bool
#0 C:\xampp\htdocs\siakad\app\Controllers\Jurusan.php(17): App\Models\Mdl_jurusan->allData()
#1 C:\xampp\htdocs\siakad\vendor\codeigniter4\framework\system\CodeIgniter.php(824): App\Controllers\Jurusan->index()
#2 C:\xampp\htdocs\siakad\vendor\codeigniter4\framework\system\CodeIgniter.php(410): CodeIgniter\CodeIgniter->runController(Object(App\Controllers\Jurusan))
#3 C:\xampp\htdocs\siakad\vendor\codeigniter4\framework\system\CodeIgniter.php(318): CodeIgniter\CodeIgniter->handleRequest(NULL, Object(Config\Cache), false)
#4 C:\xampp\htdocs\siakad\public\index.php(37): CodeIgniter\CodeIgniter->run()
#5 C:\xampp\htdocs\siakad\vendor\codeigniter4\framework\system\Commands\Server\rewrite.php(43): require_once('C:\\xampp\\htdocs...')
#6 {main}
ERROR - 2021-12-16 01:24:51 --> Column 'id_kelas' in on clause is ambiguous
CRITICAL - 2021-12-16 01:24:51 --> Call to a member function getResultArray() on bool
#0 C:\xampp\htdocs\siakad\app\Controllers\Jurusan.php(17): App\Models\Mdl_jurusan->allData()
#1 C:\xampp\htdocs\siakad\vendor\codeigniter4\framework\system\CodeIgniter.php(824): App\Controllers\Jurusan->index()
#2 C:\xampp\htdocs\siakad\vendor\codeigniter4\framework\system\CodeIgniter.php(410): CodeIgniter\CodeIgniter->runController(Object(App\Controllers\Jurusan))
#3 C:\xampp\htdocs\siakad\vendor\codeigniter4\framework\system\CodeIgniter.php(318): CodeIgniter\CodeIgniter->handleRequest(NULL, Object(Config\Cache), false)
#4 C:\xampp\htdocs\siakad\public\index.php(37): CodeIgniter\CodeIgniter->run()
#5 C:\xampp\htdocs\siakad\vendor\codeigniter4\framework\system\Commands\Server\rewrite.php(43): require_once('C:\\xampp\\htdocs...')
#6 {main}
ERROR - 2021-12-16 01:26:40 --> Column 'id_kelas' in on clause is ambiguous
CRITICAL - 2021-12-16 01:26:40 --> Call to a member function getResultArray() on bool
#0 C:\xampp\htdocs\siakad\app\Controllers\Jurusan.php(17): App\Models\Mdl_jurusan->allData()
#1 C:\xampp\htdocs\siakad\vendor\codeigniter4\framework\system\CodeIgniter.php(824): App\Controllers\Jurusan->index()
#2 C:\xampp\htdocs\siakad\vendor\codeigniter4\framework\system\CodeIgniter.php(410): CodeIgniter\CodeIgniter->runController(Object(App\Controllers\Jurusan))
#3 C:\xampp\htdocs\siakad\vendor\codeigniter4\framework\system\CodeIgniter.php(318): CodeIgniter\CodeIgniter->handleRequest(NULL, Object(Config\Cache), false)
#4 C:\xampp\htdocs\siakad\public\index.php(37): CodeIgniter\CodeIgniter->run()
#5 C:\xampp\htdocs\siakad\vendor\codeigniter4\framework\system\Commands\Server\rewrite.php(43): require_once('C:\\xampp\\htdocs...')
#6 {main}
ERROR - 2021-12-16 01:26:41 --> Column 'id_kelas' in on clause is ambiguous
CRITICAL - 2021-12-16 01:26:41 --> Call to a member function getResultArray() on bool
#0 C:\xampp\htdocs\siakad\app\Controllers\Jurusan.php(17): App\Models\Mdl_jurusan->allData()
#1 C:\xampp\htdocs\siakad\vendor\codeigniter4\framework\system\CodeIgniter.php(824): App\Controllers\Jurusan->index()
#2 C:\xampp\htdocs\siakad\vendor\codeigniter4\framework\system\CodeIgniter.php(410): CodeIgniter\CodeIgniter->runController(Object(App\Controllers\Jurusan))
#3 C:\xampp\htdocs\siakad\vendor\codeigniter4\framework\system\CodeIgniter.php(318): CodeIgniter\CodeIgniter->handleRequest(NULL, Object(Config\Cache), false)
#4 C:\xampp\htdocs\siakad\public\index.php(37): CodeIgniter\CodeIgniter->run()
#5 C:\xampp\htdocs\siakad\vendor\codeigniter4\framework\system\Commands\Server\rewrite.php(43): require_once('C:\\xampp\\htdocs...')
#6 {main}
ERROR - 2021-12-16 01:26:41 --> Column 'id_kelas' in on clause is ambiguous
CRITICAL - 2021-12-16 01:26:41 --> Call to a member function getResultArray() on bool
#0 C:\xampp\htdocs\siakad\app\Controllers\Jurusan.php(17): App\Models\Mdl_jurusan->allData()
#1 C:\xampp\htdocs\siakad\vendor\codeigniter4\framework\system\CodeIgniter.php(824): App\Controllers\Jurusan->index()
#2 C:\xampp\htdocs\siakad\vendor\codeigniter4\framework\system\CodeIgniter.php(410): CodeIgniter\CodeIgniter->runController(Object(App\Controllers\Jurusan))
#3 C:\xampp\htdocs\siakad\vendor\codeigniter4\framework\system\CodeIgniter.php(318): CodeIgniter\CodeIgniter->handleRequest(NULL, Object(Config\Cache), false)
#4 C:\xampp\htdocs\siakad\public\index.php(37): CodeIgniter\CodeIgniter->run()
#5 C:\xampp\htdocs\siakad\vendor\codeigniter4\framework\system\Commands\Server\rewrite.php(43): require_once('C:\\xampp\\htdocs...')
#6 {main}
ERROR - 2021-12-16 01:26:42 --> Column 'id_kelas' in on clause is ambiguous
CRITICAL - 2021-12-16 01:26:42 --> Call to a member function getResultArray() on bool
#0 C:\xampp\htdocs\siakad\app\Controllers\Jurusan.php(17): App\Models\Mdl_jurusan->allData()
#1 C:\xampp\htdocs\siakad\vendor\codeigniter4\framework\system\CodeIgniter.php(824): App\Controllers\Jurusan->index()
#2 C:\xampp\htdocs\siakad\vendor\codeigniter4\framework\system\CodeIgniter.php(410): CodeIgniter\CodeIgniter->runController(Object(App\Controllers\Jurusan))
#3 C:\xampp\htdocs\siakad\vendor\codeigniter4\framework\system\CodeIgniter.php(318): CodeIgniter\CodeIgniter->handleRequest(NULL, Object(Config\Cache), false)
#4 C:\xampp\htdocs\siakad\public\index.php(37): CodeIgniter\CodeIgniter->run()
#5 C:\xampp\htdocs\siakad\vendor\codeigniter4\framework\system\Commands\Server\rewrite.php(43): require_once('C:\\xampp\\htdocs...')
#6 {main}
ERROR - 2021-12-16 01:26:43 --> Column 'id_kelas' in on clause is ambiguous
CRITICAL - 2021-12-16 01:26:43 --> Call to a member function getResultArray() on bool
#0 C:\xampp\htdocs\siakad\app\Controllers\Jurusan.php(17): App\Models\Mdl_jurusan->allData()
#1 C:\xampp\htdocs\siakad\vendor\codeigniter4\framework\system\CodeIgniter.php(824): App\Controllers\Jurusan->index()
#2 C:\xampp\htdocs\siakad\vendor\codeigniter4\framework\system\CodeIgniter.php(410): CodeIgniter\CodeIgniter->runController(Object(App\Controllers\Jurusan))
#3 C:\xampp\htdocs\siakad\vendor\codeigniter4\framework\system\CodeIgniter.php(318): CodeIgniter\CodeIgniter->handleRequest(NULL, Object(Config\Cache), false)
#4 C:\xampp\htdocs\siakad\public\index.php(37): CodeIgniter\CodeIgniter->run()
#5 C:\xampp\htdocs\siakad\vendor\codeigniter4\framework\system\Commands\Server\rewrite.php(43): require_once('C:\\xampp\\htdocs...')
#6 {main}
ERROR - 2021-12-16 01:26:54 --> Column 'id_kelas' in on clause is ambiguous
CRITICAL - 2021-12-16 01:26:54 --> Call to a member function getResultArray() on bool
#0 C:\xampp\htdocs\siakad\app\Controllers\Jurusan.php(17): App\Models\Mdl_jurusan->allData()
#1 C:\xampp\htdocs\siakad\vendor\codeigniter4\framework\system\CodeIgniter.php(824): App\Controllers\Jurusan->index()
#2 C:\xampp\htdocs\siakad\vendor\codeigniter4\framework\system\CodeIgniter.php(410): CodeIgniter\CodeIgniter->runController(Object(App\Controllers\Jurusan))
#3 C:\xampp\htdocs\siakad\vendor\codeigniter4\framework\system\CodeIgniter.php(318): CodeIgniter\CodeIgniter->handleRequest(NULL, Object(Config\Cache), false)
#4 C:\xampp\htdocs\siakad\public\index.php(37): CodeIgniter\CodeIgniter->run()
#5 C:\xampp\htdocs\siakad\vendor\codeigniter4\framework\system\Commands\Server\rewrite.php(43): require_once('C:\\xampp\\htdocs...')
#6 {main}
ERROR - 2021-12-16 01:27:00 --> Column 'id_kelas' in on clause is ambiguous
CRITICAL - 2021-12-16 01:27:00 --> Call to a member function getResultArray() on bool
#0 C:\xampp\htdocs\siakad\app\Controllers\Jurusan.php(17): App\Models\Mdl_jurusan->allData()
#1 C:\xampp\htdocs\siakad\vendor\codeigniter4\framework\system\CodeIgniter.php(824): App\Controllers\Jurusan->index()
#2 C:\xampp\htdocs\siakad\vendor\codeigniter4\framework\system\CodeIgniter.php(410): CodeIgniter\CodeIgniter->runController(Object(App\Controllers\Jurusan))
#3 C:\xampp\htdocs\siakad\vendor\codeigniter4\framework\system\CodeIgniter.php(318): CodeIgniter\CodeIgniter->handleRequest(NULL, Object(Config\Cache), false)
#4 C:\xampp\htdocs\siakad\public\index.php(37): CodeIgniter\CodeIgniter->run()
#5 C:\xampp\htdocs\siakad\vendor\codeigniter4\framework\system\Commands\Server\rewrite.php(43): require_once('C:\\xampp\\htdocs...')
#6 {main}
CRITICAL - 2021-12-16 01:27:58 --> Invalid argument supplied for foreach()
#0 C:\xampp\htdocs\siakad\app\Views\admin\jurusan\v_index.php(39): CodeIgniter\Debug\Exceptions->errorHandler(2, 'Invalid argumen...', 'C:\\xampp\\htdocs...', 39, Array)
#1 C:\xampp\htdocs\siakad\vendor\codeigniter4\framework\system\View\View.php(214): include('C:\\xampp\\htdocs...')
#2 C:\xampp\htdocs\siakad\vendor\codeigniter4\framework\system\View\View.php(217): CodeIgniter\View\View->CodeIgniter\View\{closure}()
#3 C:\xampp\htdocs\siakad\vendor\codeigniter4\framework\system\Common.php(1097): CodeIgniter\View\View->render('admin/jurusan/v...', Array, true)
#4 C:\xampp\htdocs\siakad\app\Views\layout\v_content.php(4): view('admin/jurusan/v...')
#5 C:\xampp\htdocs\siakad\vendor\codeigniter4\framework\system\View\View.php(214): include('C:\\xampp\\htdocs...')
#6 C:\xampp\htdocs\siakad\vendor\codeigniter4\framework\system\View\View.php(217): CodeIgniter\View\View->CodeIgniter\View\{closure}()
#7 C:\xampp\htdocs\siakad\vendor\codeigniter4\framework\system\Common.php(1097): CodeIgniter\View\View->render('layout/v_conten...', Array, true)
#8 C:\xampp\htdocs\siakad\app\Views\layout\v_wrapper.php(6): view('layout/v_conten...')
#9 C:\xampp\htdocs\siakad\vendor\codeigniter4\framework\system\View\View.php(214): include('C:\\xampp\\htdocs...')
#10 C:\xampp\htdocs\siakad\vendor\codeigniter4\framework\system\View\View.php(217): CodeIgniter\View\View->CodeIgniter\View\{closure}()
#11 C:\xampp\htdocs\siakad\vendor\codeigniter4\framework\system\Common.php(1097): CodeIgniter\View\View->render('layout/v_wrappe...', Array, true)
#12 C:\xampp\htdocs\siakad\app\Controllers\Jurusan.php(20): view('layout/v_wrappe...', Array)
#13 C:\xampp\htdocs\siakad\vendor\codeigniter4\framework\system\CodeIgniter.php(824): App\Controllers\Jurusan->index()
#14 C:\xampp\htdocs\siakad\vendor\codeigniter4\framework\system\CodeIgniter.php(410): CodeIgniter\CodeIgniter->runController(Object(App\Controllers\Jurusan))
#15 C:\xampp\htdocs\siakad\vendor\codeigniter4\framework\system\CodeIgniter.php(318): CodeIgniter\CodeIgniter->handleRequest(NULL, Object(Config\Cache), false)
#16 C:\xampp\htdocs\siakad\public\index.php(37): CodeIgniter\CodeIgniter->run()
#17 C:\xampp\htdocs\siakad\vendor\codeigniter4\framework\system\Commands\Server\rewrite.php(43): require_once('C:\\xampp\\htdocs...')
#18 {main}
CRITICAL - 2021-12-16 01:28:00 --> Invalid argument supplied for foreach()
#0 C:\xampp\htdocs\siakad\app\Views\admin\jurusan\v_index.php(39): CodeIgniter\Debug\Exceptions->errorHandler(2, 'Invalid argumen...', 'C:\\xampp\\htdocs...', 39, Array)
#1 C:\xampp\htdocs\siakad\vendor\codeigniter4\framework\system\View\View.php(214): include('C:\\xampp\\htdocs...')
#2 C:\xampp\htdocs\siakad\vendor\codeigniter4\framework\system\View\View.php(217): CodeIgniter\View\View->CodeIgniter\View\{closure}()
#3 C:\xampp\htdocs\siakad\vendor\codeigniter4\framework\system\Common.php(1097): CodeIgniter\View\View->render('admin/jurusan/v...', Array, true)
#4 C:\xampp\htdocs\siakad\app\Views\layout\v_content.php(4): view('admin/jurusan/v...')
#5 C:\xampp\htdocs\siakad\vendor\codeigniter4\framework\system\View\View.php(214): include('C:\\xampp\\htdocs...')
#6 C:\xampp\htdocs\siakad\vendor\codeigniter4\framework\system\View\View.php(217): CodeIgniter\View\View->CodeIgniter\View\{closure}()
#7 C:\xampp\htdocs\siakad\vendor\codeigniter4\framework\system\Common.php(1097): CodeIgniter\View\View->render('layout/v_conten...', Array, true)
#8 C:\xampp\htdocs\siakad\app\Views\layout\v_wrapper.php(6): view('layout/v_conten...')
#9 C:\xampp\htdocs\siakad\vendor\codeigniter4\framework\system\View\View.php(214): include('C:\\xampp\\htdocs...')
#10 C:\xampp\htdocs\siakad\vendor\codeigniter4\framework\system\View\View.php(217): CodeIgniter\View\View->CodeIgniter\View\{closure}()
#11 C:\xampp\htdocs\siakad\vendor\codeigniter4\framework\system\Common.php(1097): CodeIgniter\View\View->render('layout/v_wrappe...', Array, true)
#12 C:\xampp\htdocs\siakad\app\Controllers\Jurusan.php(20): view('layout/v_wrappe...', Array)
#13 C:\xampp\htdocs\siakad\vendor\codeigniter4\framework\system\CodeIgniter.php(824): App\Controllers\Jurusan->index()
#14 C:\xampp\htdocs\siakad\vendor\codeigniter4\framework\system\CodeIgniter.php(410): CodeIgniter\CodeIgniter->runController(Object(App\Controllers\Jurusan))
#15 C:\xampp\htdocs\siakad\vendor\codeigniter4\framework\system\CodeIgniter.php(318): CodeIgniter\CodeIgniter->handleRequest(NULL, Object(Config\Cache), false)
#16 C:\xampp\htdocs\siakad\public\index.php(37): CodeIgniter\CodeIgniter->run()
#17 C:\xampp\htdocs\siakad\vendor\codeigniter4\framework\system\Commands\Server\rewrite.php(43): require_once('C:\\xampp\\htdocs...')
#18 {main}
CRITICAL - 2021-12-16 01:28:08 --> Invalid argument supplied for foreach()
#0 C:\xampp\htdocs\siakad\app\Views\admin\jurusan\v_index.php(39): CodeIgniter\Debug\Exceptions->errorHandler(2, 'Invalid argumen...', 'C:\\xampp\\htdocs...', 39, Array)
#1 C:\xampp\htdocs\siakad\vendor\codeigniter4\framework\system\View\View.php(214): include('C:\\xampp\\htdocs...')
#2 C:\xampp\htdocs\siakad\vendor\codeigniter4\framework\system\View\View.php(217): CodeIgniter\View\View->CodeIgniter\View\{closure}()
#3 C:\xampp\htdocs\siakad\vendor\codeigniter4\framework\system\Common.php(1097): CodeIgniter\View\View->render('admin/jurusan/v...', Array, true)
#4 C:\xampp\htdocs\siakad\app\Views\layout\v_content.php(4): view('admin/jurusan/v...')
#5 C:\xampp\htdocs\siakad\vendor\codeigniter4\framework\system\View\View.php(214): include('C:\\xampp\\htdocs...')
#6 C:\xampp\htdocs\siakad\vendor\codeigniter4\framework\system\View\View.php(217): CodeIgniter\View\View->CodeIgniter\View\{closure}()
#7 C:\xampp\htdocs\siakad\vendor\codeigniter4\framework\system\Common.php(1097): CodeIgniter\View\View->render('layout/v_conten...', Array, true)
#8 C:\xampp\htdocs\siakad\app\Views\layout\v_wrapper.php(6): view('layout/v_conten...')
#9 C:\xampp\htdocs\siakad\vendor\codeigniter4\framework\system\View\View.php(214): include('C:\\xampp\\htdocs...')
#10 C:\xampp\htdocs\siakad\vendor\codeigniter4\framework\system\View\View.php(217): CodeIgniter\View\View->CodeIgniter\View\{closure}()
#11 C:\xampp\htdocs\siakad\vendor\codeigniter4\framework\system\Common.php(1097): CodeIgniter\View\View->render('layout/v_wrappe...', Array, true)
#12 C:\xampp\htdocs\siakad\app\Controllers\Jurusan.php(20): view('layout/v_wrappe...', Array)
#13 C:\xampp\htdocs\siakad\vendor\codeigniter4\framework\system\CodeIgniter.php(824): App\Controllers\Jurusan->index()
#14 C:\xampp\htdocs\siakad\vendor\codeigniter4\framework\system\CodeIgniter.php(410): CodeIgniter\CodeIgniter->runController(Object(App\Controllers\Jurusan))
#15 C:\xampp\htdocs\siakad\vendor\codeigniter4\framework\system\CodeIgniter.php(318): CodeIgniter\CodeIgniter->handleRequest(NULL, Object(Config\Cache), false)
#16 C:\xampp\htdocs\siakad\public\index.php(37): CodeIgniter\CodeIgniter->run()
#17 C:\xampp\htdocs\siakad\vendor\codeigniter4\framework\system\Commands\Server\rewrite.php(43): require_once('C:\\xampp\\htdocs...')
#18 {main}
CRITICAL - 2021-12-16 01:28:15 --> Invalid argument supplied for foreach()
#0 C:\xampp\htdocs\siakad\app\Views\admin\jurusan\v_index.php(39): CodeIgniter\Debug\Exceptions->errorHandler(2, 'Invalid argumen...', 'C:\\xampp\\htdocs...', 39, Array)
#1 C:\xampp\htdocs\siakad\vendor\codeigniter4\framework\system\View\View.php(214): include('C:\\xampp\\htdocs...')
#2 C:\xampp\htdocs\siakad\vendor\codeigniter4\framework\system\View\View.php(217): CodeIgniter\View\View->CodeIgniter\View\{closure}()
#3 C:\xampp\htdocs\siakad\vendor\codeigniter4\framework\system\Common.php(1097): CodeIgniter\View\View->render('admin/jurusan/v...', Array, true)
#4 C:\xampp\htdocs\siakad\app\Views\layout\v_content.php(4): view('admin/jurusan/v...')
#5 C:\xampp\htdocs\siakad\vendor\codeigniter4\framework\system\View\View.php(214): include('C:\\xampp\\htdocs...')
#6 C:\xampp\htdocs\siakad\vendor\codeigniter4\framework\system\View\View.php(217): CodeIgniter\View\View->CodeIgniter\View\{closure}()
#7 C:\xampp\htdocs\siakad\vendor\codeigniter4\framework\system\Common.php(1097): CodeIgniter\View\View->render('layout/v_conten...', Array, true)
#8 C:\xampp\htdocs\siakad\app\Views\layout\v_wrapper.php(6): view('layout/v_conten...')
#9 C:\xampp\htdocs\siakad\vendor\codeigniter4\framework\system\View\View.php(214): include('C:\\xampp\\htdocs...')
#10 C:\xampp\htdocs\siakad\vendor\codeigniter4\framework\system\View\View.php(217): CodeIgniter\View\View->CodeIgniter\View\{closure}()
#11 C:\xampp\htdocs\siakad\vendor\codeigniter4\framework\system\Common.php(1097): CodeIgniter\View\View->render('layout/v_wrappe...', Array, true)
#12 C:\xampp\htdocs\siakad\app\Controllers\Jurusan.php(20): view('layout/v_wrappe...', Array)
#13 C:\xampp\htdocs\siakad\vendor\codeigniter4\framework\system\CodeIgniter.php(824): App\Controllers\Jurusan->index()
#14 C:\xampp\htdocs\siakad\vendor\codeigniter4\framework\system\CodeIgniter.php(410): CodeIgniter\CodeIgniter->runController(Object(App\Controllers\Jurusan))
#15 C:\xampp\htdocs\siakad\vendor\codeigniter4\framework\system\CodeIgniter.php(318): CodeIgniter\CodeIgniter->handleRequest(NULL, Object(Config\Cache), false)
#16 C:\xampp\htdocs\siakad\public\index.php(37): CodeIgniter\CodeIgniter->run()
#17 C:\xampp\htdocs\siakad\vendor\codeigniter4\framework\system\Commands\Server\rewrite.php(43): require_once('C:\\xampp\\htdocs...')
#18 {main}
CRITICAL - 2021-12-16 01:28:18 --> Invalid argument supplied for foreach()
#0 C:\xampp\htdocs\siakad\app\Views\admin\jurusan\v_index.php(39): CodeIgniter\Debug\Exceptions->errorHandler(2, 'Invalid argumen...', 'C:\\xampp\\htdocs...', 39, Array)
#1 C:\xampp\htdocs\siakad\vendor\codeigniter4\framework\system\View\View.php(214): include('C:\\xampp\\htdocs...')
#2 C:\xampp\htdocs\siakad\vendor\codeigniter4\framework\system\View\View.php(217): CodeIgniter\View\View->CodeIgniter\View\{closure}()
#3 C:\xampp\htdocs\siakad\vendor\codeigniter4\framework\system\Common.php(1097): CodeIgniter\View\View->render('admin/jurusan/v...', Array, true)
#4 C:\xampp\htdocs\siakad\app\Views\layout\v_content.php(4): view('admin/jurusan/v...')
#5 C:\xampp\htdocs\siakad\vendor\codeigniter4\framework\system\View\View.php(214): include('C:\\xampp\\htdocs...')
#6 C:\xampp\htdocs\siakad\vendor\codeigniter4\framework\system\View\View.php(217): CodeIgniter\View\View->CodeIgniter\View\{closure}()
#7 C:\xampp\htdocs\siakad\vendor\codeigniter4\framework\system\Common.php(1097): CodeIgniter\View\View->render('layout/v_conten...', Array, true)
#8 C:\xampp\htdocs\siakad\app\Views\layout\v_wrapper.php(6): view('layout/v_conten...')
#9 C:\xampp\htdocs\siakad\vendor\codeigniter4\framework\system\View\View.php(214): include('C:\\xampp\\htdocs...')
#10 C:\xampp\htdocs\siakad\vendor\codeigniter4\framework\system\View\View.php(217): CodeIgniter\View\View->CodeIgniter\View\{closure}()
#11 C:\xampp\htdocs\siakad\vendor\codeigniter4\framework\system\Common.php(1097): CodeIgniter\View\View->render('layout/v_wrappe...', Array, true)
#12 C:\xampp\htdocs\siakad\app\Controllers\Jurusan.php(20): view('layout/v_wrappe...', Array)
#13 C:\xampp\htdocs\siakad\vendor\codeigniter4\framework\system\CodeIgniter.php(824): App\Controllers\Jurusan->index()
#14 C:\xampp\htdocs\siakad\vendor\codeigniter4\framework\system\CodeIgniter.php(410): CodeIgniter\CodeIgniter->runController(Object(App\Controllers\Jurusan))
#15 C:\xampp\htdocs\siakad\vendor\codeigniter4\framework\system\CodeIgniter.php(318): CodeIgniter\CodeIgniter->handleRequest(NULL, Object(Config\Cache), false)
#16 C:\xampp\htdocs\siakad\public\index.php(37): CodeIgniter\CodeIgniter->run()
#17 C:\xampp\htdocs\siakad\vendor\codeigniter4\framework\system\Commands\Server\rewrite.php(43): require_once('C:\\xampp\\htdocs...')
#18 {main}
CRITICAL - 2021-12-16 01:37:36 --> Invalid argument supplied for foreach()
#0 C:\xampp\htdocs\siakad\app\Views\admin\jurusan\v_index.php(39): CodeIgniter\Debug\Exceptions->errorHandler(2, 'Invalid argumen...', 'C:\\xampp\\htdocs...', 39, Array)
#1 C:\xampp\htdocs\siakad\vendor\codeigniter4\framework\system\View\View.php(214): include('C:\\xampp\\htdocs...')
#2 C:\xampp\htdocs\siakad\vendor\codeigniter4\framework\system\View\View.php(217): CodeIgniter\View\View->CodeIgniter\View\{closure}()
#3 C:\xampp\htdocs\siakad\vendor\codeigniter4\framework\system\Common.php(1097): CodeIgniter\View\View->render('admin/jurusan/v...', Array, true)
#4 C:\xampp\htdocs\siakad\app\Views\layout\v_content.php(4): view('admin/jurusan/v...')
#5 C:\xampp\htdocs\siakad\vendor\codeigniter4\framework\system\View\View.php(214): include('C:\\xampp\\htdocs...')
#6 C:\xampp\htdocs\siakad\vendor\codeigniter4\framework\system\View\View.php(217): CodeIgniter\View\View->CodeIgniter\View\{closure}()
#7 C:\xampp\htdocs\siakad\vendor\codeigniter4\framework\system\Common.php(1097): CodeIgniter\View\View->render('layout/v_conten...', Array, true)
#8 C:\xampp\htdocs\siakad\app\Views\layout\v_wrapper.php(6): view('layout/v_conten...')
#9 C:\xampp\htdocs\siakad\vendor\codeigniter4\framework\system\View\View.php(214): include('C:\\xampp\\htdocs...')
#10 C:\xampp\htdocs\siakad\vendor\codeigniter4\framework\system\View\View.php(217): CodeIgniter\View\View->CodeIgniter\View\{closure}()
#11 C:\xampp\htdocs\siakad\vendor\codeigniter4\framework\system\Common.php(1097): CodeIgniter\View\View->render('layout/v_wrappe...', Array, true)
#12 C:\xampp\htdocs\siakad\app\Controllers\Jurusan.php(20): view('layout/v_wrappe...', Array)
#13 C:\xampp\htdocs\siakad\vendor\codeigniter4\framework\system\CodeIgniter.php(824): App\Controllers\Jurusan->index()
#14 C:\xampp\htdocs\siakad\vendor\codeigniter4\framework\system\CodeIgniter.php(410): CodeIgniter\CodeIgniter->runController(Object(App\Controllers\Jurusan))
#15 C:\xampp\htdocs\siakad\vendor\codeigniter4\framework\system\CodeIgniter.php(318): CodeIgniter\CodeIgniter->handleRequest(NULL, Object(Config\Cache), false)
#16 C:\xampp\htdocs\siakad\public\index.php(37): CodeIgniter\CodeIgniter->run()
#17 C:\xampp\htdocs\siakad\vendor\codeigniter4\framework\system\Commands\Server\rewrite.php(43): require_once('C:\\xampp\\htdocs...')
#18 {main}
CRITICAL - 2021-12-16 01:37:36 --> Invalid argument supplied for foreach()
#0 C:\xampp\htdocs\siakad\app\Views\admin\jurusan\v_index.php(39): CodeIgniter\Debug\Exceptions->errorHandler(2, 'Invalid argumen...', 'C:\\xampp\\htdocs...', 39, Array)
#1 C:\xampp\htdocs\siakad\vendor\codeigniter4\framework\system\View\View.php(214): include('C:\\xampp\\htdocs...')
#2 C:\xampp\htdocs\siakad\vendor\codeigniter4\framework\system\View\View.php(217): CodeIgniter\View\View->CodeIgniter\View\{closure}()
#3 C:\xampp\htdocs\siakad\vendor\codeigniter4\framework\system\Common.php(1097): CodeIgniter\View\View->render('admin/jurusan/v...', Array, true)
#4 C:\xampp\htdocs\siakad\app\Views\layout\v_content.php(4): view('admin/jurusan/v...')
#5 C:\xampp\htdocs\siakad\vendor\codeigniter4\framework\system\View\View.php(214): include('C:\\xampp\\htdocs...')
#6 C:\xampp\htdocs\siakad\vendor\codeigniter4\framework\system\View\View.php(217): CodeIgniter\View\View->CodeIgniter\View\{closure}()
#7 C:\xampp\htdocs\siakad\vendor\codeigniter4\framework\system\Common.php(1097): CodeIgniter\View\View->render('layout/v_conten...', Array, true)
#8 C:\xampp\htdocs\siakad\app\Views\layout\v_wrapper.php(6): view('layout/v_conten...')
#9 C:\xampp\htdocs\siakad\vendor\codeigniter4\framework\system\View\View.php(214): include('C:\\xampp\\htdocs...')
#10 C:\xampp\htdocs\siakad\vendor\codeigniter4\framework\system\View\View.php(217): CodeIgniter\View\View->CodeIgniter\View\{closure}()
#11 C:\xampp\htdocs\siakad\vendor\codeigniter4\framework\system\Common.php(1097): CodeIgniter\View\View->render('layout/v_wrappe...', Array, true)
#12 C:\xampp\htdocs\siakad\app\Controllers\Jurusan.php(20): view('layout/v_wrappe...', Array)
#13 C:\xampp\htdocs\siakad\vendor\codeigniter4\framework\system\CodeIgniter.php(824): App\Controllers\Jurusan->index()
#14 C:\xampp\htdocs\siakad\vendor\codeigniter4\framework\system\CodeIgniter.php(410): CodeIgniter\CodeIgniter->runController(Object(App\Controllers\Jurusan))
#15 C:\xampp\htdocs\siakad\vendor\codeigniter4\framework\system\CodeIgniter.php(318): CodeIgniter\CodeIgniter->handleRequest(NULL, Object(Config\Cache), false)
#16 C:\xampp\htdocs\siakad\public\index.php(37): CodeIgniter\CodeIgniter->run()
#17 C:\xampp\htdocs\siakad\vendor\codeigniter4\framework\system\Commands\Server\rewrite.php(43): require_once('C:\\xampp\\htdocs...')
#18 {main}
ERROR - 2021-12-16 01:37:54 --> Column 'id_kelas' in on clause is ambiguous
CRITICAL - 2021-12-16 01:37:54 --> Call to a member function getResultArray() on bool
#0 C:\xampp\htdocs\siakad\app\Controllers\Jurusan.php(17): App\Models\Mdl_jurusan->allData()
#1 C:\xampp\htdocs\siakad\vendor\codeigniter4\framework\system\CodeIgniter.php(824): App\Controllers\Jurusan->index()
#2 C:\xampp\htdocs\siakad\vendor\codeigniter4\framework\system\CodeIgniter.php(410): CodeIgniter\CodeIgniter->runController(Object(App\Controllers\Jurusan))
#3 C:\xampp\htdocs\siakad\vendor\codeigniter4\framework\system\CodeIgniter.php(318): CodeIgniter\CodeIgniter->handleRequest(NULL, Object(Config\Cache), false)
#4 C:\xampp\htdocs\siakad\public\index.php(37): CodeIgniter\CodeIgniter->run()
#5 C:\xampp\htdocs\siakad\vendor\codeigniter4\framework\system\Commands\Server\rewrite.php(43): require_once('C:\\xampp\\htdocs...')
#6 {main}
ERROR - 2021-12-16 01:37:55 --> Column 'id_kelas' in on clause is ambiguous
CRITICAL - 2021-12-16 01:37:55 --> Call to a member function getResultArray() on bool
#0 C:\xampp\htdocs\siakad\app\Controllers\Jurusan.php(17): App\Models\Mdl_jurusan->allData()
#1 C:\xampp\htdocs\siakad\vendor\codeigniter4\framework\system\CodeIgniter.php(824): App\Controllers\Jurusan->index()
#2 C:\xampp\htdocs\siakad\vendor\codeigniter4\framework\system\CodeIgniter.php(410): CodeIgniter\CodeIgniter->runController(Object(App\Controllers\Jurusan))
#3 C:\xampp\htdocs\siakad\vendor\codeigniter4\framework\system\CodeIgniter.php(318): CodeIgniter\CodeIgniter->handleRequest(NULL, Object(Config\Cache), false)
#4 C:\xampp\htdocs\siakad\public\index.php(37): CodeIgniter\CodeIgniter->run()
#5 C:\xampp\htdocs\siakad\vendor\codeigniter4\framework\system\Commands\Server\rewrite.php(43): require_once('C:\\xampp\\htdocs...')
#6 {main}
CRITICAL - 2021-12-16 01:41:38 --> Invalid argument supplied for foreach()
#0 C:\xampp\htdocs\siakad\app\Views\admin\jurusan\v_index.php(39): CodeIgniter\Debug\Exceptions->errorHandler(2, 'Invalid argumen...', 'C:\\xampp\\htdocs...', 39, Array)
#1 C:\xampp\htdocs\siakad\vendor\codeigniter4\framework\system\View\View.php(214): include('C:\\xampp\\htdocs...')
#2 C:\xampp\htdocs\siakad\vendor\codeigniter4\framework\system\View\View.php(217): CodeIgniter\View\View->CodeIgniter\View\{closure}()
#3 C:\xampp\htdocs\siakad\vendor\codeigniter4\framework\system\Common.php(1097): CodeIgniter\View\View->render('admin/jurusan/v...', Array, true)
#4 C:\xampp\htdocs\siakad\app\Views\layout\v_content.php(4): view('admin/jurusan/v...')
#5 C:\xampp\htdocs\siakad\vendor\codeigniter4\framework\system\View\View.php(214): include('C:\\xampp\\htdocs...')
#6 C:\xampp\htdocs\siakad\vendor\codeigniter4\framework\system\View\View.php(217): CodeIgniter\View\View->CodeIgniter\View\{closure}()
#7 C:\xampp\htdocs\siakad\vendor\codeigniter4\framework\system\Common.php(1097): CodeIgniter\View\View->render('layout/v_conten...', Array, true)
#8 C:\xampp\htdocs\siakad\app\Views\layout\v_wrapper.php(6): view('layout/v_conten...')
#9 C:\xampp\htdocs\siakad\vendor\codeigniter4\framework\system\View\View.php(214): include('C:\\xampp\\htdocs...')
#10 C:\xampp\htdocs\siakad\vendor\codeigniter4\framework\system\View\View.php(217): CodeIgniter\View\View->CodeIgniter\View\{closure}()
#11 C:\xampp\htdocs\siakad\vendor\codeigniter4\framework\system\Common.php(1097): CodeIgniter\View\View->render('layout/v_wrappe...', Array, true)
#12 C:\xampp\htdocs\siakad\app\Controllers\Jurusan.php(20): view('layout/v_wrappe...', Array)
#13 C:\xampp\htdocs\siakad\vendor\codeigniter4\framework\system\CodeIgniter.php(824): App\Controllers\Jurusan->index()
#14 C:\xampp\htdocs\siakad\vendor\codeigniter4\framework\system\CodeIgniter.php(410): CodeIgniter\CodeIgniter->runController(Object(App\Controllers\Jurusan))
#15 C:\xampp\htdocs\siakad\vendor\codeigniter4\framework\system\CodeIgniter.php(318): CodeIgniter\CodeIgniter->handleRequest(NULL, Object(Config\Cache), false)
#16 C:\xampp\htdocs\siakad\public\index.php(37): CodeIgniter\CodeIgniter->run()
#17 C:\xampp\htdocs\siakad\vendor\codeigniter4\framework\system\Commands\Server\rewrite.php(43): require_once('C:\\xampp\\htdocs...')
#18 {main}
