CRITICAL - 2021-12-31 23:54:37 --> Undefined variable $value
#0 /Applications/MAMP/htdocs/siakad/app/Views/admin/guru/v_edit.php(75): CodeIgniter\Debug\Exceptions->errorHandler(2, 'Undefined varia...', '/Applications/M...', 75)
#1 /Applications/MAMP/htdocs/siakad/vendor/codeigniter4/framework/system/View/View.php(214): include('/Applications/M...')
#2 /Applications/MAMP/htdocs/siakad/vendor/codeigniter4/framework/system/View/View.php(217): CodeIgniter\View\View->CodeIgniter\View\{closure}()
#3 /Applications/MAMP/htdocs/siakad/vendor/codeigniter4/framework/system/Common.php(1097): CodeIgniter\View\View->render('admin/guru/v_ed...', Array, true)
#4 /Applications/MAMP/htdocs/siakad/app/Views/layout/v_content.php(4): view('admin/guru/v_ed...')
#5 /Applications/MAMP/htdocs/siakad/vendor/codeigniter4/framework/system/View/View.php(214): include('/Applications/M...')
#6 /Applications/MAMP/htdocs/siakad/vendor/codeigniter4/framework/system/View/View.php(217): CodeIgniter\View\View->CodeIgniter\View\{closure}()
#7 /Applications/MAMP/htdocs/siakad/vendor/codeigniter4/framework/system/Common.php(1097): CodeIgniter\View\View->render('layout/v_conten...', Array, true)
#8 /Applications/MAMP/htdocs/siakad/app/Views/layout/v_wrapper.php(6): view('layout/v_conten...')
#9 /Applications/MAMP/htdocs/siakad/vendor/codeigniter4/framework/system/View/View.php(214): include('/Applications/M...')
#10 /Applications/MAMP/htdocs/siakad/vendor/codeigniter4/framework/system/View/View.php(217): CodeIgniter\View\View->CodeIgniter\View\{closure}()
#11 /Applications/MAMP/htdocs/siakad/vendor/codeigniter4/framework/system/Common.php(1097): CodeIgniter\View\View->render('layout/v_wrappe...', Array, true)
#12 /Applications/MAMP/htdocs/siakad/app/Controllers/Guru.php(108): view('layout/v_wrappe...', Array)
#13 /Applications/MAMP/htdocs/siakad/vendor/codeigniter4/framework/system/CodeIgniter.php(824): App\Controllers\Guru->edit('4')
#14 /Applications/MAMP/htdocs/siakad/vendor/codeigniter4/framework/system/CodeIgniter.php(410): CodeIgniter\CodeIgniter->runController(Object(App\Controllers\Guru))
#15 /Applications/MAMP/htdocs/siakad/vendor/codeigniter4/framework/system/CodeIgniter.php(318): CodeIgniter\CodeIgniter->handleRequest(NULL, Object(Config\Cache), false)
#16 /Applications/MAMP/htdocs/siakad/public/index.php(37): CodeIgniter\CodeIgniter->run()
#17 /Applications/MAMP/htdocs/siakad/vendor/codeigniter4/framework/system/Commands/Server/rewrite.php(43): require_once('/Applications/M...')
#18 {main}
