CRITICAL - 2021-12-20 00:04:16 --> Invalid argument supplied for foreach()
#0 C:\xampp\htdocs\siakad\app\Views\admin\v_ta.php(39): CodeIgniter\Debug\Exceptions->errorHandler(2, 'Invalid argumen...', 'C:\\xampp\\htdocs...', 39, Array)
#1 C:\xampp\htdocs\siakad\vendor\codeigniter4\framework\system\View\View.php(214): include('C:\\xampp\\htdocs...')
#2 C:\xampp\htdocs\siakad\vendor\codeigniter4\framework\system\View\View.php(217): CodeIgniter\View\View->CodeIgniter\View\{closure}()
#3 C:\xampp\htdocs\siakad\vendor\codeigniter4\framework\system\Common.php(1097): CodeIgniter\View\View->render('admin/v_Ta', Array, true)
#4 C:\xampp\htdocs\siakad\app\Views\layout\v_content.php(4): view('admin/v_Ta')
#5 C:\xampp\htdocs\siakad\vendor\codeigniter4\framework\system\View\View.php(214): include('C:\\xampp\\htdocs...')
#6 C:\xampp\htdocs\siakad\vendor\codeigniter4\framework\system\View\View.php(217): CodeIgniter\View\View->CodeIgniter\View\{closure}()
#7 C:\xampp\htdocs\siakad\vendor\codeigniter4\framework\system\Common.php(1097): CodeIgniter\View\View->render('layout/v_conten...', Array, true)
#8 C:\xampp\htdocs\siakad\app\Views\layout\v_wrapper.php(6): view('layout/v_conten...')
#9 C:\xampp\htdocs\siakad\vendor\codeigniter4\framework\system\View\View.php(214): include('C:\\xampp\\htdocs...')
#10 C:\xampp\htdocs\siakad\vendor\codeigniter4\framework\system\View\View.php(217): CodeIgniter\View\View->CodeIgniter\View\{closure}()
#11 C:\xampp\htdocs\siakad\vendor\codeigniter4\framework\system\Common.php(1097): CodeIgniter\View\View->render('layout/v_wrappe...', Array, true)
#12 C:\xampp\htdocs\siakad\app\Controllers\Ta.php(22): view('layout/v_wrappe...', Array)
#13 C:\xampp\htdocs\siakad\vendor\codeigniter4\framework\system\CodeIgniter.php(824): App\Controllers\Ta->index()
#14 C:\xampp\htdocs\siakad\vendor\codeigniter4\framework\system\CodeIgniter.php(410): CodeIgniter\CodeIgniter->runController(Object(App\Controllers\Ta))
#15 C:\xampp\htdocs\siakad\vendor\codeigniter4\framework\system\CodeIgniter.php(318): CodeIgniter\CodeIgniter->handleRequest(NULL, Object(Config\Cache), false)
#16 C:\xampp\htdocs\siakad\public\index.php(37): CodeIgniter\CodeIgniter->run()
#17 C:\xampp\htdocs\siakad\vendor\codeigniter4\framework\system\Commands\Server\rewrite.php(43): require_once('C:\\xampp\\htdocs...')
#18 {main}
CRITICAL - 2021-12-20 00:07:31 --> Invalid argument supplied for foreach()
#0 C:\xampp\htdocs\siakad\app\Views\admin\v_ta.php(39): CodeIgniter\Debug\Exceptions->errorHandler(2, 'Invalid argumen...', 'C:\\xampp\\htdocs...', 39, Array)
#1 C:\xampp\htdocs\siakad\vendor\codeigniter4\framework\system\View\View.php(214): include('C:\\xampp\\htdocs...')
#2 C:\xampp\htdocs\siakad\vendor\codeigniter4\framework\system\View\View.php(217): CodeIgniter\View\View->CodeIgniter\View\{closure}()
#3 C:\xampp\htdocs\siakad\vendor\codeigniter4\framework\system\Common.php(1097): CodeIgniter\View\View->render('admin/v_Ta', Array, true)
#4 C:\xampp\htdocs\siakad\app\Views\layout\v_content.php(4): view('admin/v_Ta')
#5 C:\xampp\htdocs\siakad\vendor\codeigniter4\framework\system\View\View.php(214): include('C:\\xampp\\htdocs...')
#6 C:\xampp\htdocs\siakad\vendor\codeigniter4\framework\system\View\View.php(217): CodeIgniter\View\View->CodeIgniter\View\{closure}()
#7 C:\xampp\htdocs\siakad\vendor\codeigniter4\framework\system\Common.php(1097): CodeIgniter\View\View->render('layout/v_conten...', Array, true)
#8 C:\xampp\htdocs\siakad\app\Views\layout\v_wrapper.php(6): view('layout/v_conten...')
#9 C:\xampp\htdocs\siakad\vendor\codeigniter4\framework\system\View\View.php(214): include('C:\\xampp\\htdocs...')
#10 C:\xampp\htdocs\siakad\vendor\codeigniter4\framework\system\View\View.php(217): CodeIgniter\View\View->CodeIgniter\View\{closure}()
#11 C:\xampp\htdocs\siakad\vendor\codeigniter4\framework\system\Common.php(1097): CodeIgniter\View\View->render('layout/v_wrappe...', Array, true)
#12 C:\xampp\htdocs\siakad\app\Controllers\Ta.php(22): view('layout/v_wrappe...', Array)
#13 C:\xampp\htdocs\siakad\vendor\codeigniter4\framework\system\CodeIgniter.php(824): App\Controllers\Ta->index()
#14 C:\xampp\htdocs\siakad\vendor\codeigniter4\framework\system\CodeIgniter.php(410): CodeIgniter\CodeIgniter->runController(Object(App\Controllers\Ta))
#15 C:\xampp\htdocs\siakad\vendor\codeigniter4\framework\system\CodeIgniter.php(318): CodeIgniter\CodeIgniter->handleRequest(NULL, Object(Config\Cache), false)
#16 C:\xampp\htdocs\siakad\public\index.php(37): CodeIgniter\CodeIgniter->run()
#17 C:\xampp\htdocs\siakad\vendor\codeigniter4\framework\system\Commands\Server\rewrite.php(43): require_once('C:\\xampp\\htdocs...')
#18 {main}
CRITICAL - 2021-12-20 00:07:33 --> Invalid argument supplied for foreach()
#0 C:\xampp\htdocs\siakad\app\Views\admin\v_ta.php(39): CodeIgniter\Debug\Exceptions->errorHandler(2, 'Invalid argumen...', 'C:\\xampp\\htdocs...', 39, Array)
#1 C:\xampp\htdocs\siakad\vendor\codeigniter4\framework\system\View\View.php(214): include('C:\\xampp\\htdocs...')
#2 C:\xampp\htdocs\siakad\vendor\codeigniter4\framework\system\View\View.php(217): CodeIgniter\View\View->CodeIgniter\View\{closure}()
#3 C:\xampp\htdocs\siakad\vendor\codeigniter4\framework\system\Common.php(1097): CodeIgniter\View\View->render('admin/v_Ta', Array, true)
#4 C:\xampp\htdocs\siakad\app\Views\layout\v_content.php(4): view('admin/v_Ta')
#5 C:\xampp\htdocs\siakad\vendor\codeigniter4\framework\system\View\View.php(214): include('C:\\xampp\\htdocs...')
#6 C:\xampp\htdocs\siakad\vendor\codeigniter4\framework\system\View\View.php(217): CodeIgniter\View\View->CodeIgniter\View\{closure}()
#7 C:\xampp\htdocs\siakad\vendor\codeigniter4\framework\system\Common.php(1097): CodeIgniter\View\View->render('layout/v_conten...', Array, true)
#8 C:\xampp\htdocs\siakad\app\Views\layout\v_wrapper.php(6): view('layout/v_conten...')
#9 C:\xampp\htdocs\siakad\vendor\codeigniter4\framework\system\View\View.php(214): include('C:\\xampp\\htdocs...')
#10 C:\xampp\htdocs\siakad\vendor\codeigniter4\framework\system\View\View.php(217): CodeIgniter\View\View->CodeIgniter\View\{closure}()
#11 C:\xampp\htdocs\siakad\vendor\codeigniter4\framework\system\Common.php(1097): CodeIgniter\View\View->render('layout/v_wrappe...', Array, true)
#12 C:\xampp\htdocs\siakad\app\Controllers\Ta.php(22): view('layout/v_wrappe...', Array)
#13 C:\xampp\htdocs\siakad\vendor\codeigniter4\framework\system\CodeIgniter.php(824): App\Controllers\Ta->index()
#14 C:\xampp\htdocs\siakad\vendor\codeigniter4\framework\system\CodeIgniter.php(410): CodeIgniter\CodeIgniter->runController(Object(App\Controllers\Ta))
#15 C:\xampp\htdocs\siakad\vendor\codeigniter4\framework\system\CodeIgniter.php(318): CodeIgniter\CodeIgniter->handleRequest(NULL, Object(Config\Cache), false)
#16 C:\xampp\htdocs\siakad\public\index.php(37): CodeIgniter\CodeIgniter->run()
#17 C:\xampp\htdocs\siakad\vendor\codeigniter4\framework\system\Commands\Server\rewrite.php(43): require_once('C:\\xampp\\htdocs...')
#18 {main}
CRITICAL - 2021-12-20 00:10:08 --> Invalid argument supplied for foreach()
#0 C:\xampp\htdocs\siakad\app\Views\admin\v_ta.php(40): CodeIgniter\Debug\Exceptions->errorHandler(2, 'Invalid argumen...', 'C:\\xampp\\htdocs...', 40, Array)
#1 C:\xampp\htdocs\siakad\vendor\codeigniter4\framework\system\View\View.php(214): include('C:\\xampp\\htdocs...')
#2 C:\xampp\htdocs\siakad\vendor\codeigniter4\framework\system\View\View.php(217): CodeIgniter\View\View->CodeIgniter\View\{closure}()
#3 C:\xampp\htdocs\siakad\vendor\codeigniter4\framework\system\Common.php(1097): CodeIgniter\View\View->render('admin/v_Ta', Array, true)
#4 C:\xampp\htdocs\siakad\app\Views\layout\v_content.php(4): view('admin/v_Ta')
#5 C:\xampp\htdocs\siakad\vendor\codeigniter4\framework\system\View\View.php(214): include('C:\\xampp\\htdocs...')
#6 C:\xampp\htdocs\siakad\vendor\codeigniter4\framework\system\View\View.php(217): CodeIgniter\View\View->CodeIgniter\View\{closure}()
#7 C:\xampp\htdocs\siakad\vendor\codeigniter4\framework\system\Common.php(1097): CodeIgniter\View\View->render('layout/v_conten...', Array, true)
#8 C:\xampp\htdocs\siakad\app\Views\layout\v_wrapper.php(6): view('layout/v_conten...')
#9 C:\xampp\htdocs\siakad\vendor\codeigniter4\framework\system\View\View.php(214): include('C:\\xampp\\htdocs...')
#10 C:\xampp\htdocs\siakad\vendor\codeigniter4\framework\system\View\View.php(217): CodeIgniter\View\View->CodeIgniter\View\{closure}()
#11 C:\xampp\htdocs\siakad\vendor\codeigniter4\framework\system\Common.php(1097): CodeIgniter\View\View->render('layout/v_wrappe...', Array, true)
#12 C:\xampp\htdocs\siakad\app\Controllers\Ta.php(22): view('layout/v_wrappe...', Array)
#13 C:\xampp\htdocs\siakad\vendor\codeigniter4\framework\system\CodeIgniter.php(824): App\Controllers\Ta->index()
#14 C:\xampp\htdocs\siakad\vendor\codeigniter4\framework\system\CodeIgniter.php(410): CodeIgniter\CodeIgniter->runController(Object(App\Controllers\Ta))
#15 C:\xampp\htdocs\siakad\vendor\codeigniter4\framework\system\CodeIgniter.php(318): CodeIgniter\CodeIgniter->handleRequest(NULL, Object(Config\Cache), false)
#16 C:\xampp\htdocs\siakad\public\index.php(37): CodeIgniter\CodeIgniter->run()
#17 C:\xampp\htdocs\siakad\vendor\codeigniter4\framework\system\Commands\Server\rewrite.php(43): require_once('C:\\xampp\\htdocs...')
#18 {main}
CRITICAL - 2021-12-20 00:10:18 --> Invalid argument supplied for foreach()
#0 C:\xampp\htdocs\siakad\app\Views\admin\v_ta.php(40): CodeIgniter\Debug\Exceptions->errorHandler(2, 'Invalid argumen...', 'C:\\xampp\\htdocs...', 40, Array)
#1 C:\xampp\htdocs\siakad\vendor\codeigniter4\framework\system\View\View.php(214): include('C:\\xampp\\htdocs...')
#2 C:\xampp\htdocs\siakad\vendor\codeigniter4\framework\system\View\View.php(217): CodeIgniter\View\View->CodeIgniter\View\{closure}()
#3 C:\xampp\htdocs\siakad\vendor\codeigniter4\framework\system\Common.php(1097): CodeIgniter\View\View->render('admin/v_Ta', Array, true)
#4 C:\xampp\htdocs\siakad\app\Views\layout\v_content.php(4): view('admin/v_Ta')
#5 C:\xampp\htdocs\siakad\vendor\codeigniter4\framework\system\View\View.php(214): include('C:\\xampp\\htdocs...')
#6 C:\xampp\htdocs\siakad\vendor\codeigniter4\framework\system\View\View.php(217): CodeIgniter\View\View->CodeIgniter\View\{closure}()
#7 C:\xampp\htdocs\siakad\vendor\codeigniter4\framework\system\Common.php(1097): CodeIgniter\View\View->render('layout/v_conten...', Array, true)
#8 C:\xampp\htdocs\siakad\app\Views\layout\v_wrapper.php(6): view('layout/v_conten...')
#9 C:\xampp\htdocs\siakad\vendor\codeigniter4\framework\system\View\View.php(214): include('C:\\xampp\\htdocs...')
#10 C:\xampp\htdocs\siakad\vendor\codeigniter4\framework\system\View\View.php(217): CodeIgniter\View\View->CodeIgniter\View\{closure}()
#11 C:\xampp\htdocs\siakad\vendor\codeigniter4\framework\system\Common.php(1097): CodeIgniter\View\View->render('layout/v_wrappe...', Array, true)
#12 C:\xampp\htdocs\siakad\app\Controllers\Ta.php(22): view('layout/v_wrappe...', Array)
#13 C:\xampp\htdocs\siakad\vendor\codeigniter4\framework\system\CodeIgniter.php(824): App\Controllers\Ta->index()
#14 C:\xampp\htdocs\siakad\vendor\codeigniter4\framework\system\CodeIgniter.php(410): CodeIgniter\CodeIgniter->runController(Object(App\Controllers\Ta))
#15 C:\xampp\htdocs\siakad\vendor\codeigniter4\framework\system\CodeIgniter.php(318): CodeIgniter\CodeIgniter->handleRequest(NULL, Object(Config\Cache), false)
#16 C:\xampp\htdocs\siakad\public\index.php(37): CodeIgniter\CodeIgniter->run()
#17 C:\xampp\htdocs\siakad\vendor\codeigniter4\framework\system\Commands\Server\rewrite.php(43): require_once('C:\\xampp\\htdocs...')
#18 {main}
CRITICAL - 2021-12-20 00:44:57 --> Invalid argument supplied for foreach()
#0 C:\xampp\htdocs\siakad\app\Views\admin\v_ta.php(101): CodeIgniter\Debug\Exceptions->errorHandler(2, 'Invalid argumen...', 'C:\\xampp\\htdocs...', 101, Array)
#1 C:\xampp\htdocs\siakad\vendor\codeigniter4\framework\system\View\View.php(214): include('C:\\xampp\\htdocs...')
#2 C:\xampp\htdocs\siakad\vendor\codeigniter4\framework\system\View\View.php(217): CodeIgniter\View\View->CodeIgniter\View\{closure}()
#3 C:\xampp\htdocs\siakad\vendor\codeigniter4\framework\system\Common.php(1097): CodeIgniter\View\View->render('admin/v_Ta', Array, true)
#4 C:\xampp\htdocs\siakad\app\Views\layout\v_content.php(4): view('admin/v_Ta')
#5 C:\xampp\htdocs\siakad\vendor\codeigniter4\framework\system\View\View.php(214): include('C:\\xampp\\htdocs...')
#6 C:\xampp\htdocs\siakad\vendor\codeigniter4\framework\system\View\View.php(217): CodeIgniter\View\View->CodeIgniter\View\{closure}()
#7 C:\xampp\htdocs\siakad\vendor\codeigniter4\framework\system\Common.php(1097): CodeIgniter\View\View->render('layout/v_conten...', Array, true)
#8 C:\xampp\htdocs\siakad\app\Views\layout\v_wrapper.php(6): view('layout/v_conten...')
#9 C:\xampp\htdocs\siakad\vendor\codeigniter4\framework\system\View\View.php(214): include('C:\\xampp\\htdocs...')
#10 C:\xampp\htdocs\siakad\vendor\codeigniter4\framework\system\View\View.php(217): CodeIgniter\View\View->CodeIgniter\View\{closure}()
#11 C:\xampp\htdocs\siakad\vendor\codeigniter4\framework\system\Common.php(1097): CodeIgniter\View\View->render('layout/v_wrappe...', Array, true)
#12 C:\xampp\htdocs\siakad\app\Controllers\Ta.php(22): view('layout/v_wrappe...', Array)
#13 C:\xampp\htdocs\siakad\vendor\codeigniter4\framework\system\CodeIgniter.php(824): App\Controllers\Ta->index()
#14 C:\xampp\htdocs\siakad\vendor\codeigniter4\framework\system\CodeIgniter.php(410): CodeIgniter\CodeIgniter->runController(Object(App\Controllers\Ta))
#15 C:\xampp\htdocs\siakad\vendor\codeigniter4\framework\system\CodeIgniter.php(318): CodeIgniter\CodeIgniter->handleRequest(NULL, Object(Config\Cache), false)
#16 C:\xampp\htdocs\siakad\public\index.php(37): CodeIgniter\CodeIgniter->run()
#17 C:\xampp\htdocs\siakad\vendor\codeigniter4\framework\system\Commands\Server\rewrite.php(43): require_once('C:\\xampp\\htdocs...')
#18 {main}
CRITICAL - 2021-12-20 00:45:34 --> Invalid argument supplied for foreach()
#0 C:\xampp\htdocs\siakad\app\Views\admin\v_ta.php(101): CodeIgniter\Debug\Exceptions->errorHandler(2, 'Invalid argumen...', 'C:\\xampp\\htdocs...', 101, Array)
#1 C:\xampp\htdocs\siakad\vendor\codeigniter4\framework\system\View\View.php(214): include('C:\\xampp\\htdocs...')
#2 C:\xampp\htdocs\siakad\vendor\codeigniter4\framework\system\View\View.php(217): CodeIgniter\View\View->CodeIgniter\View\{closure}()
#3 C:\xampp\htdocs\siakad\vendor\codeigniter4\framework\system\Common.php(1097): CodeIgniter\View\View->render('admin/v_Ta', Array, true)
#4 C:\xampp\htdocs\siakad\app\Views\layout\v_content.php(4): view('admin/v_Ta')
#5 C:\xampp\htdocs\siakad\vendor\codeigniter4\framework\system\View\View.php(214): include('C:\\xampp\\htdocs...')
#6 C:\xampp\htdocs\siakad\vendor\codeigniter4\framework\system\View\View.php(217): CodeIgniter\View\View->CodeIgniter\View\{closure}()
#7 C:\xampp\htdocs\siakad\vendor\codeigniter4\framework\system\Common.php(1097): CodeIgniter\View\View->render('layout/v_conten...', Array, true)
#8 C:\xampp\htdocs\siakad\app\Views\layout\v_wrapper.php(6): view('layout/v_conten...')
#9 C:\xampp\htdocs\siakad\vendor\codeigniter4\framework\system\View\View.php(214): include('C:\\xampp\\htdocs...')
#10 C:\xampp\htdocs\siakad\vendor\codeigniter4\framework\system\View\View.php(217): CodeIgniter\View\View->CodeIgniter\View\{closure}()
#11 C:\xampp\htdocs\siakad\vendor\codeigniter4\framework\system\Common.php(1097): CodeIgniter\View\View->render('layout/v_wrappe...', Array, true)
#12 C:\xampp\htdocs\siakad\app\Controllers\Ta.php(22): view('layout/v_wrappe...', Array)
#13 C:\xampp\htdocs\siakad\vendor\codeigniter4\framework\system\CodeIgniter.php(824): App\Controllers\Ta->index()
#14 C:\xampp\htdocs\siakad\vendor\codeigniter4\framework\system\CodeIgniter.php(410): CodeIgniter\CodeIgniter->runController(Object(App\Controllers\Ta))
#15 C:\xampp\htdocs\siakad\vendor\codeigniter4\framework\system\CodeIgniter.php(318): CodeIgniter\CodeIgniter->handleRequest(NULL, Object(Config\Cache), false)
#16 C:\xampp\htdocs\siakad\public\index.php(37): CodeIgniter\CodeIgniter->run()
#17 C:\xampp\htdocs\siakad\vendor\codeigniter4\framework\system\Commands\Server\rewrite.php(43): require_once('C:\\xampp\\htdocs...')
#18 {main}
CRITICAL - 2021-12-20 00:46:04 --> Invalid argument supplied for foreach()
#0 C:\xampp\htdocs\siakad\app\Views\admin\v_ta.php(101): CodeIgniter\Debug\Exceptions->errorHandler(2, 'Invalid argumen...', 'C:\\xampp\\htdocs...', 101, Array)
#1 C:\xampp\htdocs\siakad\vendor\codeigniter4\framework\system\View\View.php(214): include('C:\\xampp\\htdocs...')
#2 C:\xampp\htdocs\siakad\vendor\codeigniter4\framework\system\View\View.php(217): CodeIgniter\View\View->CodeIgniter\View\{closure}()
#3 C:\xampp\htdocs\siakad\vendor\codeigniter4\framework\system\Common.php(1097): CodeIgniter\View\View->render('admin/v_Ta', Array, true)
#4 C:\xampp\htdocs\siakad\app\Views\layout\v_content.php(4): view('admin/v_Ta')
#5 C:\xampp\htdocs\siakad\vendor\codeigniter4\framework\system\View\View.php(214): include('C:\\xampp\\htdocs...')
#6 C:\xampp\htdocs\siakad\vendor\codeigniter4\framework\system\View\View.php(217): CodeIgniter\View\View->CodeIgniter\View\{closure}()
#7 C:\xampp\htdocs\siakad\vendor\codeigniter4\framework\system\Common.php(1097): CodeIgniter\View\View->render('layout/v_conten...', Array, true)
#8 C:\xampp\htdocs\siakad\app\Views\layout\v_wrapper.php(6): view('layout/v_conten...')
#9 C:\xampp\htdocs\siakad\vendor\codeigniter4\framework\system\View\View.php(214): include('C:\\xampp\\htdocs...')
#10 C:\xampp\htdocs\siakad\vendor\codeigniter4\framework\system\View\View.php(217): CodeIgniter\View\View->CodeIgniter\View\{closure}()
#11 C:\xampp\htdocs\siakad\vendor\codeigniter4\framework\system\Common.php(1097): CodeIgniter\View\View->render('layout/v_wrappe...', Array, true)
#12 C:\xampp\htdocs\siakad\app\Controllers\Ta.php(22): view('layout/v_wrappe...', Array)
#13 C:\xampp\htdocs\siakad\vendor\codeigniter4\framework\system\CodeIgniter.php(824): App\Controllers\Ta->index()
#14 C:\xampp\htdocs\siakad\vendor\codeigniter4\framework\system\CodeIgniter.php(410): CodeIgniter\CodeIgniter->runController(Object(App\Controllers\Ta))
#15 C:\xampp\htdocs\siakad\vendor\codeigniter4\framework\system\CodeIgniter.php(318): CodeIgniter\CodeIgniter->handleRequest(NULL, Object(Config\Cache), false)
#16 C:\xampp\htdocs\siakad\public\index.php(37): CodeIgniter\CodeIgniter->run()
#17 C:\xampp\htdocs\siakad\vendor\codeigniter4\framework\system\Commands\Server\rewrite.php(43): require_once('C:\\xampp\\htdocs...')
#18 {main}
