CRITICAL - 2021-12-13 00:21:56 --> syntax error, unexpected token "echo"
#0 /Applications/MAMP/htdocs/siakad/vendor/codeigniter4/framework/system/View/View.php(217): CodeIgniter\View\View->CodeIgniter\View\{closure}()
#1 /Applications/MAMP/htdocs/siakad/vendor/codeigniter4/framework/system/Common.php(1097): CodeIgniter\View\View->render('layout/v_nav', Array, true)
#2 /Applications/MAMP/htdocs/siakad/app/Views/layout/v_wrapper.php(5): view('layout/v_nav')
#3 /Applications/MAMP/htdocs/siakad/vendor/codeigniter4/framework/system/View/View.php(214): include('/Applications/M...')
#4 /Applications/MAMP/htdocs/siakad/vendor/codeigniter4/framework/system/View/View.php(217): CodeIgniter\View\View->CodeIgniter\View\{closure}()
#5 /Applications/MAMP/htdocs/siakad/vendor/codeigniter4/framework/system/Common.php(1097): CodeIgniter\View\View->render('layout/v_wrappe...', Array, true)
#6 /Applications/MAMP/htdocs/siakad/app/Controllers/Admin.php(13): view('layout/v_wrappe...', Array)
#7 /Applications/MAMP/htdocs/siakad/vendor/codeigniter4/framework/system/CodeIgniter.php(824): App\Controllers\Admin->index()
#8 /Applications/MAMP/htdocs/siakad/vendor/codeigniter4/framework/system/CodeIgniter.php(410): CodeIgniter\CodeIgniter->runController(Object(App\Controllers\Admin))
#9 /Applications/MAMP/htdocs/siakad/vendor/codeigniter4/framework/system/CodeIgniter.php(318): CodeIgniter\CodeIgniter->handleRequest(NULL, Object(Config\Cache), false)
#10 /Applications/MAMP/htdocs/siakad/public/index.php(37): CodeIgniter\CodeIgniter->run()
#11 /Applications/MAMP/htdocs/siakad/vendor/codeigniter4/framework/system/Commands/Server/rewrite.php(43): require_once('/Applications/M...')
#12 {main}
CRITICAL - 2021-12-13 22:32:11 --> Array to string conversion
#0 /Applications/MAMP/htdocs/siakad/app/Views/admin/v_kelas.php(34): CodeIgniter\Debug\Exceptions->errorHandler(2, 'Array to string...', '/Applications/M...', 34)
#1 /Applications/MAMP/htdocs/siakad/vendor/codeigniter4/framework/system/View/View.php(214): include('/Applications/M...')
#2 /Applications/MAMP/htdocs/siakad/vendor/codeigniter4/framework/system/View/View.php(217): CodeIgniter\View\View->CodeIgniter\View\{closure}()
#3 /Applications/MAMP/htdocs/siakad/vendor/codeigniter4/framework/system/Common.php(1097): CodeIgniter\View\View->render('admin/v_kelas', Array, true)
#4 /Applications/MAMP/htdocs/siakad/app/Views/layout/v_content.php(4): view('admin/v_kelas')
#5 /Applications/MAMP/htdocs/siakad/vendor/codeigniter4/framework/system/View/View.php(214): include('/Applications/M...')
#6 /Applications/MAMP/htdocs/siakad/vendor/codeigniter4/framework/system/View/View.php(217): CodeIgniter\View\View->CodeIgniter\View\{closure}()
#7 /Applications/MAMP/htdocs/siakad/vendor/codeigniter4/framework/system/Common.php(1097): CodeIgniter\View\View->render('layout/v_conten...', Array, true)
#8 /Applications/MAMP/htdocs/siakad/app/Views/layout/v_wrapper.php(6): view('layout/v_conten...')
#9 /Applications/MAMP/htdocs/siakad/vendor/codeigniter4/framework/system/View/View.php(214): include('/Applications/M...')
#10 /Applications/MAMP/htdocs/siakad/vendor/codeigniter4/framework/system/View/View.php(217): CodeIgniter\View\View->CodeIgniter\View\{closure}()
#11 /Applications/MAMP/htdocs/siakad/vendor/codeigniter4/framework/system/Common.php(1097): CodeIgniter\View\View->render('layout/v_wrappe...', Array, true)
#12 /Applications/MAMP/htdocs/siakad/app/Controllers/Kelas.php(19): view('layout/v_wrappe...', Array)
#13 /Applications/MAMP/htdocs/siakad/vendor/codeigniter4/framework/system/CodeIgniter.php(824): App\Controllers\Kelas->index()
#14 /Applications/MAMP/htdocs/siakad/vendor/codeigniter4/framework/system/CodeIgniter.php(410): CodeIgniter\CodeIgniter->runController(Object(App\Controllers\Kelas))
#15 /Applications/MAMP/htdocs/siakad/vendor/codeigniter4/framework/system/CodeIgniter.php(318): CodeIgniter\CodeIgniter->handleRequest(NULL, Object(Config\Cache), false)
#16 /Applications/MAMP/htdocs/siakad/public/index.php(37): CodeIgniter\CodeIgniter->run()
#17 /Applications/MAMP/htdocs/siakad/vendor/codeigniter4/framework/system/Commands/Server/rewrite.php(43): require_once('/Applications/M...')
#18 {main}
