CRITICAL - 2021-12-26 23:12:43 --> Undefined property: App\Controllers\Guru::$Mdl_guru
#0 /Applications/MAMP/htdocs/siakad/app/Controllers/Guru.php(19): CodeIgniter\Debug\Exceptions->errorHandler(2, 'Undefined prope...', '/Applications/M...', 19)
#1 /Applications/MAMP/htdocs/siakad/vendor/codeigniter4/framework/system/CodeIgniter.php(824): App\Controllers\Guru->index()
#2 /Applications/MAMP/htdocs/siakad/vendor/codeigniter4/framework/system/CodeIgniter.php(410): CodeIgniter\CodeIgniter->runController(Object(App\Controllers\Guru))
#3 /Applications/MAMP/htdocs/siakad/vendor/codeigniter4/framework/system/CodeIgniter.php(318): CodeIgniter\CodeIgniter->handleRequest(NULL, Object(Config\Cache), false)
#4 /Applications/MAMP/htdocs/siakad/public/index.php(37): CodeIgniter\CodeIgniter->run()
#5 /Applications/MAMP/htdocs/siakad/vendor/codeigniter4/framework/system/Commands/Server/rewrite.php(43): require_once('/Applications/M...')
#6 {main}
CRITICAL - 2021-12-26 23:13:51 --> unlink(foto/foto3.png): No such file or directory
#0 [internal function]: CodeIgniter\Debug\Exceptions->errorHandler(2, 'unlink(foto/fot...', '/Applications/M...', 132)
#1 /Applications/MAMP/htdocs/siakad/app/Controllers/User.php(132): unlink('foto/foto3.png')
#2 /Applications/MAMP/htdocs/siakad/vendor/codeigniter4/framework/system/CodeIgniter.php(824): App\Controllers\User->edit('3')
#3 /Applications/MAMP/htdocs/siakad/vendor/codeigniter4/framework/system/CodeIgniter.php(410): CodeIgniter\CodeIgniter->runController(Object(App\Controllers\User))
#4 /Applications/MAMP/htdocs/siakad/vendor/codeigniter4/framework/system/CodeIgniter.php(318): CodeIgniter\CodeIgniter->handleRequest(NULL, Object(Config\Cache), false)
#5 /Applications/MAMP/htdocs/siakad/public/index.php(37): CodeIgniter\CodeIgniter->run()
#6 /Applications/MAMP/htdocs/siakad/vendor/codeigniter4/framework/system/Commands/Server/rewrite.php(43): require_once('/Applications/M...')
#7 {main}
CRITICAL - 2021-12-26 23:41:15 --> unlink(foto/foto3.png): No such file or directory
#0 [internal function]: CodeIgniter\Debug\Exceptions->errorHandler(2, 'unlink(foto/fot...', '/Applications/M...', 132)
#1 /Applications/MAMP/htdocs/siakad/app/Controllers/User.php(132): unlink('foto/foto3.png')
#2 /Applications/MAMP/htdocs/siakad/vendor/codeigniter4/framework/system/CodeIgniter.php(824): App\Controllers\User->edit('3')
#3 /Applications/MAMP/htdocs/siakad/vendor/codeigniter4/framework/system/CodeIgniter.php(410): CodeIgniter\CodeIgniter->runController(Object(App\Controllers\User))
#4 /Applications/MAMP/htdocs/siakad/vendor/codeigniter4/framework/system/CodeIgniter.php(318): CodeIgniter\CodeIgniter->handleRequest(NULL, Object(Config\Cache), false)
#5 /Applications/MAMP/htdocs/siakad/public/index.php(37): CodeIgniter\CodeIgniter->run()
#6 /Applications/MAMP/htdocs/siakad/vendor/codeigniter4/framework/system/Commands/Server/rewrite.php(43): require_once('/Applications/M...')
#7 {main}
